#
# A fatal error has been detected by the Java Runtime Environment:
#
#  EXCEPTION_ACCESS_VIOLATION (0xc0000005) at pc=0x00000258f86a6350, pid=12168, tid=4076
#
# JRE version: Java(TM) SE Runtime Environment (14.0.1+7) (build 14.0.1+7)
# Java VM: Java HotSpot(TM) 64-Bit Server VM (14.0.1+7, mixed mode, sharing, tiered, compressed oops, g1 gc, windows-amd64)
# Problematic frame:
# C  0x00000258f86a6350
#
# No core dump will be written. Minidumps are not enabled by default on client versions of Windows
#
# If you would like to submit a bug report, please visit:
#   https://bugreport.java.com/bugreport/crash.jsp
#

---------------  S U M M A R Y ------------

Command Line: -Dorg.gradle.native=false -javaagent:build/tmp/expandedArchives/org.jacoco.agent-0.8.6.jar_a26f6511a7813217be4cd6439d66563b/jacocoagent.jar=destfile=build/jacoco/test.exec,append=true,inclnolocationclasses=false,dumponexit=true,output=file,jmx=false -Xmx512m -Dfile.encoding=windows-1252 -Duser.country=NZ -Duser.language=en -Duser.variant -ea worker.org.gradle.process.internal.worker.GradleWorkerMain 'Gradle Test Executor 1'

Host: AMD Ryzen 5 1600 Six-Core Processor            , 12 cores, 15G,  Windows 10 , 64 bit Build 19041 (10.0.19041.1023)
Time: Wed Jul 14 17:35:53 2021 New Zealand Standard Time elapsed time: 1 seconds (0d 0h 0m 1s)

---------------  T H R E A D  ---------------

Current thread (0x000002590fbf8800):  JavaThread "Test worker" [_thread_in_Java, id=4076, stack(0x000000982c000000,0x000000982c100000)]

Stack: [0x000000982c000000,0x000000982c100000],  sp=0x000000982c0f81f0,  free space=992k
Native frames: (J=compiled Java code, j=interpreted, Vv=VM code, C=native code)
C  0x00000258f86a6350


siginfo: EXCEPTION_ACCESS_VIOLATION (0xc0000005), data execution prevention violation at address 0x00000258f86a6350


Register to memory mapping:

RIP=0x00000258f86a6350 is an unknown value
RAX=0xffffffffffffffff is an unknown value
RBX=0x00000000eb8c1f38 is an oop: org.jacoco.agent.rt.internal_f3994fa.core.internal.flow.LabelInfo 
{0x00000000eb8c1f38} - klass: 'org/jacoco/agent/rt/internal_f3994fa/core/internal/flow/LabelInfo'
RCX=0x0 is NULL
RDX=0x00000000eb8c1040 is an oop: org.jacoco.agent.rt.internal_f3994fa.asm.tree.LabelNode 
{0x00000000eb8c1040} - klass: 'org/jacoco/agent/rt/internal_f3994fa/asm/tree/LabelNode'
RSP=0x000000982c0f81f0 is pointing into the stack for thread: 0x000002590fbf8800
RBP=0x00000000eb8c1040 is an oop: org.jacoco.agent.rt.internal_f3994fa.asm.tree.LabelNode 
{0x00000000eb8c1040} - klass: 'org/jacoco/agent/rt/internal_f3994fa/asm/tree/LabelNode'
RSI=0x00000000eb8c1b38 is an oop: org.jacoco.agent.rt.internal_f3994fa.core.internal.flow.LabelFlowAnalyzer 
{0x00000000eb8c1b38} - klass: 'org/jacoco/agent/rt/internal_f3994fa/core/internal/flow/LabelFlowAnalyzer'
RDI=0x000000000000040f is an unknown value
R8 =0x0000025907b5e26c is at entry_point+108 in (nmethod*)0x0000025907b5e090
R9 =0x00000000eb8c1f00 is an oop: org.jacoco.agent.rt.internal_f3994fa.asm.Label 
{0x00000000eb8c1f00} - klass: 'org/jacoco/agent/rt/internal_f3994fa/asm/Label'
R10=0x00000000eb8c1040 is an oop: org.jacoco.agent.rt.internal_f3994fa.asm.tree.LabelNode 
{0x00000000eb8c1040} - klass: 'org/jacoco/agent/rt/internal_f3994fa/asm/tree/LabelNode'
R11=0x0 is NULL
R12=0x0 is NULL
R13=0x00000000eb8c19a0 is an oop: org.jacoco.agent.rt.internal_f3994fa.asm.tree.LabelNode 
{0x00000000eb8c19a0} - klass: 'org/jacoco/agent/rt/internal_f3994fa/asm/tree/LabelNode'
R14=0x00000000eb8c1f00 is an oop: org.jacoco.agent.rt.internal_f3994fa.asm.Label 
{0x00000000eb8c1f00} - klass: 'org/jacoco/agent/rt/internal_f3994fa/asm/Label'
R15=0x000002590fbf8800 is a thread


Registers:
RAX=0xffffffffffffffff, RBX=0x00000000eb8c1f38, RCX=0x0000000000000000, RDX=0x00000000eb8c1040
RSP=0x000000982c0f81f0, RBP=0x00000000eb8c1040, RSI=0x00000000eb8c1b38, RDI=0x000000000000040f
R8 =0x0000025907b5e26c, R9 =0x00000000eb8c1f00, R10=0x00000000eb8c1040, R11=0x0000000000000000
R12=0x0000000000000000, R13=0x00000000eb8c19a0, R14=0x00000000eb8c1f00, R15=0x000002590fbf8800
RIP=0x00000258f86a6350, EFLAGS=0x0000000000010282

Top of Stack: (sp=0x000000982c0f81f0)
0x000000982c0f81f0:   00000259001022ec 0000025907b5e26c
0x000000982c0f8200:   00000000eb8c1b38 0000000000000000
0x000000982c0f8210:   0000000000002634 0000000000000000
0x000000982c0f8220:   000000982c0f8dd0 00000259008e5e84
0x000000982c0f8230:   00000000eb8aad50 00000000eb8aaf00
0x000000982c0f8240:   539543a6000000ba 211979b2254351fc
0x000000982c0f8250:   000000982c0f8dd0 00000259007489fc
0x000000982c0f8260:   000000982c0f8dd0 0000025900759e94
0x000000982c0f8270:   00000000eb8ac288 0000000000000005
0x000000982c0f8280:   00000000eb8c1b38 00000000eb8c0b98
0x000000982c0f8290:   0000000000000000 00000259007a6474
0x000000982c0f82a0:   000000982c0f8dd0 0000025900745844
0x000000982c0f82b0:   a7d43458be912e81 45f53c0c562c3676
0x000000982c0f82c0:   89821b55accbf861 330192b4274e11a4
0x000000982c0f82d0:   00000000e557139d 0000000001444752
0x000000982c0f82e0:   0000000700002635 00000000eb8a60a0 

Instructions: (pc=0x00000258f86a6350)
0x00000258f86a6250:   ?? ?? ?? ?? ?? ?? ?? ?? ?? ?? ?? ?? ?? ?? ?? ??
0x00000258f86a6260:   ?? ?? ?? ?? ?? ?? ?? ?? ?? ?? ?? ?? ?? ?? ?? ??
0x00000258f86a6270:   ?? ?? ?? ?? ?? ?? ?? ?? ?? ?? ?? ?? ?? ?? ?? ??
0x00000258f86a6280:   ?? ?? ?? ?? ?? ?? ?? ?? ?? ?? ?? ?? ?? ?? ?? ??
0x00000258f86a6290:   ?? ?? ?? ?? ?? ?? ?? ?? ?? ?? ?? ?? ?? ?? ?? ??
0x00000258f86a62a0:   ?? ?? ?? ?? ?? ?? ?? ?? ?? ?? ?? ?? ?? ?? ?? ??
0x00000258f86a62b0:   ?? ?? ?? ?? ?? ?? ?? ?? ?? ?? ?? ?? ?? ?? ?? ??
0x00000258f86a62c0:   ?? ?? ?? ?? ?? ?? ?? ?? ?? ?? ?? ?? ?? ?? ?? ??
0x00000258f86a62d0:   ?? ?? ?? ?? ?? ?? ?? ?? ?? ?? ?? ?? ?? ?? ?? ??
0x00000258f86a62e0:   ?? ?? ?? ?? ?? ?? ?? ?? ?? ?? ?? ?? ?? ?? ?? ??
0x00000258f86a62f0:   ?? ?? ?? ?? ?? ?? ?? ?? ?? ?? ?? ?? ?? ?? ?? ??
0x00000258f86a6300:   ?? ?? ?? ?? ?? ?? ?? ?? ?? ?? ?? ?? ?? ?? ?? ??
0x00000258f86a6310:   ?? ?? ?? ?? ?? ?? ?? ?? ?? ?? ?? ?? ?? ?? ?? ??
0x00000258f86a6320:   ?? ?? ?? ?? ?? ?? ?? ?? ?? ?? ?? ?? ?? ?? ?? ??
0x00000258f86a6330:   ?? ?? ?? ?? ?? ?? ?? ?? ?? ?? ?? ?? ?? ?? ?? ??
0x00000258f86a6340:   ?? ?? ?? ?? ?? ?? ?? ?? ?? ?? ?? ?? ?? ?? ?? ??
0x00000258f86a6350:   ?? ?? ?? ?? ?? ?? ?? ?? ?? ?? ?? ?? ?? ?? ?? ??
0x00000258f86a6360:   ?? ?? ?? ?? ?? ?? ?? ?? ?? ?? ?? ?? ?? ?? ?? ??
0x00000258f86a6370:   ?? ?? ?? ?? ?? ?? ?? ?? ?? ?? ?? ?? ?? ?? ?? ??
0x00000258f86a6380:   ?? ?? ?? ?? ?? ?? ?? ?? ?? ?? ?? ?? ?? ?? ?? ??
0x00000258f86a6390:   ?? ?? ?? ?? ?? ?? ?? ?? ?? ?? ?? ?? ?? ?? ?? ??
0x00000258f86a63a0:   ?? ?? ?? ?? ?? ?? ?? ?? ?? ?? ?? ?? ?? ?? ?? ??
0x00000258f86a63b0:   ?? ?? ?? ?? ?? ?? ?? ?? ?? ?? ?? ?? ?? ?? ?? ??
0x00000258f86a63c0:   ?? ?? ?? ?? ?? ?? ?? ?? ?? ?? ?? ?? ?? ?? ?? ??
0x00000258f86a63d0:   ?? ?? ?? ?? ?? ?? ?? ?? ?? ?? ?? ?? ?? ?? ?? ??
0x00000258f86a63e0:   ?? ?? ?? ?? ?? ?? ?? ?? ?? ?? ?? ?? ?? ?? ?? ??
0x00000258f86a63f0:   ?? ?? ?? ?? ?? ?? ?? ?? ?? ?? ?? ?? ?? ?? ?? ??
0x00000258f86a6400:   ?? ?? ?? ?? ?? ?? ?? ?? ?? ?? ?? ?? ?? ?? ?? ??
0x00000258f86a6410:   ?? ?? ?? ?? ?? ?? ?? ?? ?? ?? ?? ?? ?? ?? ?? ??
0x00000258f86a6420:   ?? ?? ?? ?? ?? ?? ?? ?? ?? ?? ?? ?? ?? ?? ?? ??
0x00000258f86a6430:   ?? ?? ?? ?? ?? ?? ?? ?? ?? ?? ?? ?? ?? ?? ?? ??
0x00000258f86a6440:   ?? ?? ?? ?? ?? ?? ?? ?? ?? ?? ?? ?? ?? ?? ?? ?? 


Stack slot to memory mapping:
stack at sp + 0 slots: 0x00000259001022ec is at entry_point+28 in a vtable stub
vtable stub (index = 6, receiver_location = 4, code = [0x00000259001022d0, 0x00000259001022f2])
stack at sp + 1 slots: 0x0000025907b5e26c is at entry_point+108 in (nmethod*)0x0000025907b5e090
stack at sp + 2 slots: 0x00000000eb8c1b38 is an oop: org.jacoco.agent.rt.internal_f3994fa.core.internal.flow.LabelFlowAnalyzer 
{0x00000000eb8c1b38} - klass: 'org/jacoco/agent/rt/internal_f3994fa/core/internal/flow/LabelFlowAnalyzer'
stack at sp + 3 slots: 0x0 is NULL
stack at sp + 4 slots: 0x0000000000002634 is an unknown value
stack at sp + 5 slots: 0x0 is NULL
stack at sp + 6 slots: 0x000000982c0f8dd0 is pointing into the stack for thread: 0x000002590fbf8800
stack at sp + 7 slots: 0x00000259008e5e84 is at entry_point+1252 in (nmethod*)0x00000259008e5790


---------------  P R O C E S S  ---------------

Threads class SMR info:
_java_thread_list=0x000002591025b180, length=16, elements={
0x00000259711c0000, 0x000002597e67d000, 0x000002597e67f000, 0x000002597e69c000,
0x000002597e6a0000, 0x000002597e6a1800, 0x000002597e6a2800, 0x000002597e6ad000,
0x000002597e6aa800, 0x000002597de5e000, 0x000002597e7c5000, 0x000002597ef9f800,
0x0000025910220800, 0x000002590fbf8800, 0x000002590fbf7000, 0x000002590fbf9800
}

Java Threads: ( => current thread )
  0x00000259711c0000 JavaThread "main" [_thread_blocked, id=9632, stack(0x000000982a600000,0x000000982a700000)]
  0x000002597e67d000 JavaThread "Reference Handler" daemon [_thread_blocked, id=1816, stack(0x000000982ad00000,0x000000982ae00000)]
  0x000002597e67f000 JavaThread "Finalizer" daemon [_thread_blocked, id=4728, stack(0x000000982ae00000,0x000000982af00000)]
  0x000002597e69c000 JavaThread "Signal Dispatcher" daemon [_thread_blocked, id=12220, stack(0x000000982af00000,0x000000982b000000)]
  0x000002597e6a0000 JavaThread "Attach Listener" daemon [_thread_blocked, id=9144, stack(0x000000982b000000,0x000000982b100000)]
  0x000002597e6a1800 JavaThread "Service Thread" daemon [_thread_blocked, id=2824, stack(0x000000982b100000,0x000000982b200000)]
  0x000002597e6a2800 JavaThread "C2 CompilerThread0" daemon [_thread_in_native, id=9936, stack(0x000000982b200000,0x000000982b300000)]
  0x000002597e6ad000 JavaThread "C1 CompilerThread0" daemon [_thread_blocked, id=4964, stack(0x000000982b300000,0x000000982b400000)]
  0x000002597e6aa800 JavaThread "Sweeper thread" daemon [_thread_blocked, id=7988, stack(0x000000982b400000,0x000000982b500000)]
  0x000002597de5e000 JavaThread "Common-Cleaner" daemon [_thread_blocked, id=4732, stack(0x000000982b500000,0x000000982b600000)]
  0x000002597e7c5000 JavaThread "C2 CompilerThread1" daemon [_thread_blocked, id=10484, stack(0x000000982b600000,0x000000982b700000)]
  0x000002597ef9f800 JavaThread "Notification Thread" daemon [_thread_blocked, id=16372, stack(0x000000982b700000,0x000000982b800000)]
  0x0000025910220800 JavaThread "C2 CompilerThread2" daemon [_thread_blocked, id=13568, stack(0x000000982be00000,0x000000982bf00000)]
=>0x000002590fbf8800 JavaThread "Test worker" [_thread_in_Java, id=4076, stack(0x000000982c000000,0x000000982c100000)]
  0x000002590fbf7000 JavaThread "/127.0.0.1:57377 to /127.0.0.1:57376 workers Thread 2" [_thread_blocked, id=9248, stack(0x000000982c100000,0x000000982c200000)]
  0x000002590fbf9800 JavaThread "/127.0.0.1:57377 to /127.0.0.1:57376 workers Thread 3" [_thread_in_native, id=15060, stack(0x000000982c200000,0x000000982c300000)]

Other Threads:
  0x000002597e675800 VMThread "VM Thread" [stack: 0x000000982ac00000,0x000000982ad00000] [id=12708]
  0x000002597efdb800 WatcherThread [stack: 0x000000982b800000,0x000000982b900000] [id=12700]
  0x00000259711e8000 GCTaskThread "GC Thread#0" [stack: 0x000000982a700000,0x000000982a800000] [id=2832]
  0x000002590f14f000 GCTaskThread "GC Thread#1" [stack: 0x000000982b900000,0x000000982ba00000] [id=12164]
  0x000002590f14f800 GCTaskThread "GC Thread#2" [stack: 0x000000982ba00000,0x000000982bb00000] [id=2112]
  0x000002590f19a800 GCTaskThread "GC Thread#3" [stack: 0x000000982bb00000,0x000000982bc00000] [id=7476]
  0x000002590f19b000 GCTaskThread "GC Thread#4" [stack: 0x000000982bc00000,0x000000982bd00000] [id=12116]
  0x000002597f03b000 GCTaskThread "GC Thread#5" [stack: 0x000000982bd00000,0x000000982be00000] [id=11332]
  0x00000259711ee800 ConcurrentGCThread "G1 Main Marker" [stack: 0x000000982a800000,0x000000982a900000] [id=13680]
  0x00000259711f0800 ConcurrentGCThread "G1 Conc#0" [stack: 0x000000982a900000,0x000000982aa00000] [id=7760]
  0x000002597128e000 ConcurrentGCThread "G1 Refine#0" [stack: 0x000000982aa00000,0x000000982ab00000] [id=15536]
  0x000002597dcf0800 ConcurrentGCThread "G1 Young RemSet Sampling" [stack: 0x000000982ab00000,0x000000982ac00000] [id=7044]

Threads with active compile tasks:
C2 CompilerThread0     1721 2497       4       org.jacoco.agent.rt.internal_f3994fa.asm.SymbolTable::<init> (536 bytes)

VM state:not at safepoint (normal execution)

VM Mutex/Monitor currently owned by a thread: None

Heap address: 0x00000000e0000000, size: 512 MB, Compressed Oops mode: 32-bit
Narrow klass base: 0x0000000800000000, Narrow klass shift: 3
Compressed class space size: 1073741824 Address: 0x0000000800b30000

Heap:
 garbage-first heap   total 262144K, used 80353K [0x00000000e0000000, 0x0000000100000000)
  region size 1024K, 72 young (73728K), 2 survivors (2048K)
 Metaspace       used 10740K, capacity 11358K, committed 11520K, reserved 1058816K
  class space    used 1241K, capacity 1441K, committed 1536K, reserved 1048576K
Heap Regions: E=young(eden), S=young(survivor), O=old, HS=humongous(starts), HC=humongous(continues), CS=collection set, F=free, OA=open archive, CA=closed archive, TAMS=top-at-mark-start (previous, next)
|   0|0x00000000e0000000, 0x00000000e0100000, 0x00000000e0100000|100%|HS|  |TAMS 0x00000000e0000000, 0x00000000e0000000| Complete 
|   1|0x00000000e0100000, 0x00000000e0200000, 0x00000000e0200000|100%| O|  |TAMS 0x00000000e0100000, 0x00000000e0100000| Untracked 
|   2|0x00000000e0200000, 0x00000000e0300000, 0x00000000e0300000|100%| O|  |TAMS 0x00000000e0200000, 0x00000000e0200000| Untracked 
|   3|0x00000000e0300000, 0x00000000e0400000, 0x00000000e0400000|100%| O|  |TAMS 0x00000000e0300000, 0x00000000e0300000| Untracked 
|   4|0x00000000e0400000, 0x00000000e0500000, 0x00000000e0500000|100%| O|  |TAMS 0x00000000e0400000, 0x00000000e0400000| Untracked 
|   5|0x00000000e0500000, 0x00000000e0600000, 0x00000000e0600000|100%| O|  |TAMS 0x00000000e0500000, 0x00000000e0500000| Untracked 
|   6|0x00000000e0600000, 0x00000000e0700000, 0x00000000e0700000|100%| O|  |TAMS 0x00000000e0600000, 0x00000000e0600000| Untracked 
|   7|0x00000000e0700000, 0x00000000e07ed800, 0x00000000e0800000| 92%| O|  |TAMS 0x00000000e0700000, 0x00000000e0700000| Untracked 
|   8|0x00000000e0800000, 0x00000000e0800000, 0x00000000e0900000|  0%| F|  |TAMS 0x00000000e0800000, 0x00000000e0800000| Untracked 
|   9|0x00000000e0900000, 0x00000000e0900000, 0x00000000e0a00000|  0%| F|  |TAMS 0x00000000e0900000, 0x00000000e0900000| Untracked 
|  10|0x00000000e0a00000, 0x00000000e0a00000, 0x00000000e0b00000|  0%| F|  |TAMS 0x00000000e0a00000, 0x00000000e0a00000| Untracked 
|  11|0x00000000e0b00000, 0x00000000e0b00000, 0x00000000e0c00000|  0%| F|  |TAMS 0x00000000e0b00000, 0x00000000e0b00000| Untracked 
|  12|0x00000000e0c00000, 0x00000000e0c00000, 0x00000000e0d00000|  0%| F|  |TAMS 0x00000000e0c00000, 0x00000000e0c00000| Untracked 
|  13|0x00000000e0d00000, 0x00000000e0d00000, 0x00000000e0e00000|  0%| F|  |TAMS 0x00000000e0d00000, 0x00000000e0d00000| Untracked 
|  14|0x00000000e0e00000, 0x00000000e0e00000, 0x00000000e0f00000|  0%| F|  |TAMS 0x00000000e0e00000, 0x00000000e0e00000| Untracked 
|  15|0x00000000e0f00000, 0x00000000e0f00000, 0x00000000e1000000|  0%| F|  |TAMS 0x00000000e0f00000, 0x00000000e0f00000| Untracked 
|  16|0x00000000e1000000, 0x00000000e1000000, 0x00000000e1100000|  0%| F|  |TAMS 0x00000000e1000000, 0x00000000e1000000| Untracked 
|  17|0x00000000e1100000, 0x00000000e1100000, 0x00000000e1200000|  0%| F|  |TAMS 0x00000000e1100000, 0x00000000e1100000| Untracked 
|  18|0x00000000e1200000, 0x00000000e1200000, 0x00000000e1300000|  0%| F|  |TAMS 0x00000000e1200000, 0x00000000e1200000| Untracked 
|  19|0x00000000e1300000, 0x00000000e1300000, 0x00000000e1400000|  0%| F|  |TAMS 0x00000000e1300000, 0x00000000e1300000| Untracked 
|  20|0x00000000e1400000, 0x00000000e1400000, 0x00000000e1500000|  0%| F|  |TAMS 0x00000000e1400000, 0x00000000e1400000| Untracked 
|  21|0x00000000e1500000, 0x00000000e1500000, 0x00000000e1600000|  0%| F|  |TAMS 0x00000000e1500000, 0x00000000e1500000| Untracked 
|  22|0x00000000e1600000, 0x00000000e1600000, 0x00000000e1700000|  0%| F|  |TAMS 0x00000000e1600000, 0x00000000e1600000| Untracked 
|  23|0x00000000e1700000, 0x00000000e1700000, 0x00000000e1800000|  0%| F|  |TAMS 0x00000000e1700000, 0x00000000e1700000| Untracked 
|  24|0x00000000e1800000, 0x00000000e1800000, 0x00000000e1900000|  0%| F|  |TAMS 0x00000000e1800000, 0x00000000e1800000| Untracked 
|  25|0x00000000e1900000, 0x00000000e1900000, 0x00000000e1a00000|  0%| F|  |TAMS 0x00000000e1900000, 0x00000000e1900000| Untracked 
|  26|0x00000000e1a00000, 0x00000000e1a00000, 0x00000000e1b00000|  0%| F|  |TAMS 0x00000000e1a00000, 0x00000000e1a00000| Untracked 
|  27|0x00000000e1b00000, 0x00000000e1b00000, 0x00000000e1c00000|  0%| F|  |TAMS 0x00000000e1b00000, 0x00000000e1b00000| Untracked 
|  28|0x00000000e1c00000, 0x00000000e1c00000, 0x00000000e1d00000|  0%| F|  |TAMS 0x00000000e1c00000, 0x00000000e1c00000| Untracked 
|  29|0x00000000e1d00000, 0x00000000e1d00000, 0x00000000e1e00000|  0%| F|  |TAMS 0x00000000e1d00000, 0x00000000e1d00000| Untracked 
|  30|0x00000000e1e00000, 0x00000000e1e00000, 0x00000000e1f00000|  0%| F|  |TAMS 0x00000000e1e00000, 0x00000000e1e00000| Untracked 
|  31|0x00000000e1f00000, 0x00000000e1f00000, 0x00000000e2000000|  0%| F|  |TAMS 0x00000000e1f00000, 0x00000000e1f00000| Untracked 
|  32|0x00000000e2000000, 0x00000000e2000000, 0x00000000e2100000|  0%| F|  |TAMS 0x00000000e2000000, 0x00000000e2000000| Untracked 
|  33|0x00000000e2100000, 0x00000000e2100000, 0x00000000e2200000|  0%| F|  |TAMS 0x00000000e2100000, 0x00000000e2100000| Untracked 
|  34|0x00000000e2200000, 0x00000000e2200000, 0x00000000e2300000|  0%| F|  |TAMS 0x00000000e2200000, 0x00000000e2200000| Untracked 
|  35|0x00000000e2300000, 0x00000000e2300000, 0x00000000e2400000|  0%| F|  |TAMS 0x00000000e2300000, 0x00000000e2300000| Untracked 
|  36|0x00000000e2400000, 0x00000000e2400000, 0x00000000e2500000|  0%| F|  |TAMS 0x00000000e2400000, 0x00000000e2400000| Untracked 
|  37|0x00000000e2500000, 0x00000000e2500000, 0x00000000e2600000|  0%| F|  |TAMS 0x00000000e2500000, 0x00000000e2500000| Untracked 
|  38|0x00000000e2600000, 0x00000000e2600000, 0x00000000e2700000|  0%| F|  |TAMS 0x00000000e2600000, 0x00000000e2600000| Untracked 
|  39|0x00000000e2700000, 0x00000000e2700000, 0x00000000e2800000|  0%| F|  |TAMS 0x00000000e2700000, 0x00000000e2700000| Untracked 
|  40|0x00000000e2800000, 0x00000000e2800000, 0x00000000e2900000|  0%| F|  |TAMS 0x00000000e2800000, 0x00000000e2800000| Untracked 
|  41|0x00000000e2900000, 0x00000000e2900000, 0x00000000e2a00000|  0%| F|  |TAMS 0x00000000e2900000, 0x00000000e2900000| Untracked 
|  42|0x00000000e2a00000, 0x00000000e2a00000, 0x00000000e2b00000|  0%| F|  |TAMS 0x00000000e2a00000, 0x00000000e2a00000| Untracked 
|  43|0x00000000e2b00000, 0x00000000e2b00000, 0x00000000e2c00000|  0%| F|  |TAMS 0x00000000e2b00000, 0x00000000e2b00000| Untracked 
|  44|0x00000000e2c00000, 0x00000000e2c00000, 0x00000000e2d00000|  0%| F|  |TAMS 0x00000000e2c00000, 0x00000000e2c00000| Untracked 
|  45|0x00000000e2d00000, 0x00000000e2d00000, 0x00000000e2e00000|  0%| F|  |TAMS 0x00000000e2d00000, 0x00000000e2d00000| Untracked 
|  46|0x00000000e2e00000, 0x00000000e2e00000, 0x00000000e2f00000|  0%| F|  |TAMS 0x00000000e2e00000, 0x00000000e2e00000| Untracked 
|  47|0x00000000e2f00000, 0x00000000e2f00000, 0x00000000e3000000|  0%| F|  |TAMS 0x00000000e2f00000, 0x00000000e2f00000| Untracked 
|  48|0x00000000e3000000, 0x00000000e3000000, 0x00000000e3100000|  0%| F|  |TAMS 0x00000000e3000000, 0x00000000e3000000| Untracked 
|  49|0x00000000e3100000, 0x00000000e3100000, 0x00000000e3200000|  0%| F|  |TAMS 0x00000000e3100000, 0x00000000e3100000| Untracked 
|  50|0x00000000e3200000, 0x00000000e3200000, 0x00000000e3300000|  0%| F|  |TAMS 0x00000000e3200000, 0x00000000e3200000| Untracked 
|  51|0x00000000e3300000, 0x00000000e3300000, 0x00000000e3400000|  0%| F|  |TAMS 0x00000000e3300000, 0x00000000e3300000| Untracked 
|  52|0x00000000e3400000, 0x00000000e3400000, 0x00000000e3500000|  0%| F|  |TAMS 0x00000000e3400000, 0x00000000e3400000| Untracked 
|  53|0x00000000e3500000, 0x00000000e3500000, 0x00000000e3600000|  0%| F|  |TAMS 0x00000000e3500000, 0x00000000e3500000| Untracked 
|  54|0x00000000e3600000, 0x00000000e3600000, 0x00000000e3700000|  0%| F|  |TAMS 0x00000000e3600000, 0x00000000e3600000| Untracked 
|  55|0x00000000e3700000, 0x00000000e3700000, 0x00000000e3800000|  0%| F|  |TAMS 0x00000000e3700000, 0x00000000e3700000| Untracked 
|  56|0x00000000e3800000, 0x00000000e3800000, 0x00000000e3900000|  0%| F|  |TAMS 0x00000000e3800000, 0x00000000e3800000| Untracked 
|  57|0x00000000e3900000, 0x00000000e3900000, 0x00000000e3a00000|  0%| F|  |TAMS 0x00000000e3900000, 0x00000000e3900000| Untracked 
|  58|0x00000000e3a00000, 0x00000000e3a00000, 0x00000000e3b00000|  0%| F|  |TAMS 0x00000000e3a00000, 0x00000000e3a00000| Untracked 
|  59|0x00000000e3b00000, 0x00000000e3b00000, 0x00000000e3c00000|  0%| F|  |TAMS 0x00000000e3b00000, 0x00000000e3b00000| Untracked 
|  60|0x00000000e3c00000, 0x00000000e3c00000, 0x00000000e3d00000|  0%| F|  |TAMS 0x00000000e3c00000, 0x00000000e3c00000| Untracked 
|  61|0x00000000e3d00000, 0x00000000e3d00000, 0x00000000e3e00000|  0%| F|  |TAMS 0x00000000e3d00000, 0x00000000e3d00000| Untracked 
|  62|0x00000000e3e00000, 0x00000000e3e00000, 0x00000000e3f00000|  0%| F|  |TAMS 0x00000000e3e00000, 0x00000000e3e00000| Untracked 
|  63|0x00000000e3f00000, 0x00000000e3f00000, 0x00000000e4000000|  0%| F|  |TAMS 0x00000000e3f00000, 0x00000000e3f00000| Untracked 
|  64|0x00000000e4000000, 0x00000000e4000000, 0x00000000e4100000|  0%| F|  |TAMS 0x00000000e4000000, 0x00000000e4000000| Untracked 
|  65|0x00000000e4100000, 0x00000000e4100000, 0x00000000e4200000|  0%| F|  |TAMS 0x00000000e4100000, 0x00000000e4100000| Untracked 
|  66|0x00000000e4200000, 0x00000000e4200000, 0x00000000e4300000|  0%| F|  |TAMS 0x00000000e4200000, 0x00000000e4200000| Untracked 
|  67|0x00000000e4300000, 0x00000000e4300000, 0x00000000e4400000|  0%| F|  |TAMS 0x00000000e4300000, 0x00000000e4300000| Untracked 
|  68|0x00000000e4400000, 0x00000000e4400000, 0x00000000e4500000|  0%| F|  |TAMS 0x00000000e4400000, 0x00000000e4400000| Untracked 
|  69|0x00000000e4500000, 0x00000000e4500000, 0x00000000e4600000|  0%| F|  |TAMS 0x00000000e4500000, 0x00000000e4500000| Untracked 
|  70|0x00000000e4600000, 0x00000000e4600000, 0x00000000e4700000|  0%| F|  |TAMS 0x00000000e4600000, 0x00000000e4600000| Untracked 
|  71|0x00000000e4700000, 0x00000000e4700000, 0x00000000e4800000|  0%| F|  |TAMS 0x00000000e4700000, 0x00000000e4700000| Untracked 
|  72|0x00000000e4800000, 0x00000000e4800000, 0x00000000e4900000|  0%| F|  |TAMS 0x00000000e4800000, 0x00000000e4800000| Untracked 
|  73|0x00000000e4900000, 0x00000000e4900000, 0x00000000e4a00000|  0%| F|  |TAMS 0x00000000e4900000, 0x00000000e4900000| Untracked 
|  74|0x00000000e4a00000, 0x00000000e4a00000, 0x00000000e4b00000|  0%| F|  |TAMS 0x00000000e4a00000, 0x00000000e4a00000| Untracked 
|  75|0x00000000e4b00000, 0x00000000e4b00000, 0x00000000e4c00000|  0%| F|  |TAMS 0x00000000e4b00000, 0x00000000e4b00000| Untracked 
|  76|0x00000000e4c00000, 0x00000000e4c00000, 0x00000000e4d00000|  0%| F|  |TAMS 0x00000000e4c00000, 0x00000000e4c00000| Untracked 
|  77|0x00000000e4d00000, 0x00000000e4d00000, 0x00000000e4e00000|  0%| F|  |TAMS 0x00000000e4d00000, 0x00000000e4d00000| Untracked 
|  78|0x00000000e4e00000, 0x00000000e4e00000, 0x00000000e4f00000|  0%| F|  |TAMS 0x00000000e4e00000, 0x00000000e4e00000| Untracked 
|  79|0x00000000e4f00000, 0x00000000e4f00000, 0x00000000e5000000|  0%| F|  |TAMS 0x00000000e4f00000, 0x00000000e4f00000| Untracked 
|  80|0x00000000e5000000, 0x00000000e5000000, 0x00000000e5100000|  0%| F|  |TAMS 0x00000000e5000000, 0x00000000e5000000| Untracked 
|  81|0x00000000e5100000, 0x00000000e5100000, 0x00000000e5200000|  0%| F|  |TAMS 0x00000000e5100000, 0x00000000e5100000| Untracked 
|  82|0x00000000e5200000, 0x00000000e5200000, 0x00000000e5300000|  0%| F|  |TAMS 0x00000000e5200000, 0x00000000e5200000| Untracked 
|  83|0x00000000e5300000, 0x00000000e5300000, 0x00000000e5400000|  0%| F|  |TAMS 0x00000000e5300000, 0x00000000e5300000| Untracked 
|  84|0x00000000e5400000, 0x00000000e5400000, 0x00000000e5500000|  0%| F|  |TAMS 0x00000000e5400000, 0x00000000e5400000| Untracked 
|  85|0x00000000e5500000, 0x00000000e5500000, 0x00000000e5600000|  0%| F|  |TAMS 0x00000000e5500000, 0x00000000e5500000| Untracked 
|  86|0x00000000e5600000, 0x00000000e5600000, 0x00000000e5700000|  0%| F|  |TAMS 0x00000000e5600000, 0x00000000e5600000| Untracked 
|  87|0x00000000e5700000, 0x00000000e5700000, 0x00000000e5800000|  0%| F|  |TAMS 0x00000000e5700000, 0x00000000e5700000| Untracked 
|  88|0x00000000e5800000, 0x00000000e5800000, 0x00000000e5900000|  0%| F|  |TAMS 0x00000000e5800000, 0x00000000e5800000| Untracked 
|  89|0x00000000e5900000, 0x00000000e5900000, 0x00000000e5a00000|  0%| F|  |TAMS 0x00000000e5900000, 0x00000000e5900000| Untracked 
|  90|0x00000000e5a00000, 0x00000000e5a00000, 0x00000000e5b00000|  0%| F|  |TAMS 0x00000000e5a00000, 0x00000000e5a00000| Untracked 
|  91|0x00000000e5b00000, 0x00000000e5b00000, 0x00000000e5c00000|  0%| F|  |TAMS 0x00000000e5b00000, 0x00000000e5b00000| Untracked 
|  92|0x00000000e5c00000, 0x00000000e5c00000, 0x00000000e5d00000|  0%| F|  |TAMS 0x00000000e5c00000, 0x00000000e5c00000| Untracked 
|  93|0x00000000e5d00000, 0x00000000e5d00000, 0x00000000e5e00000|  0%| F|  |TAMS 0x00000000e5d00000, 0x00000000e5d00000| Untracked 
|  94|0x00000000e5e00000, 0x00000000e5e00000, 0x00000000e5f00000|  0%| F|  |TAMS 0x00000000e5e00000, 0x00000000e5e00000| Untracked 
|  95|0x00000000e5f00000, 0x00000000e5f00000, 0x00000000e6000000|  0%| F|  |TAMS 0x00000000e5f00000, 0x00000000e5f00000| Untracked 
|  96|0x00000000e6000000, 0x00000000e6000000, 0x00000000e6100000|  0%| F|  |TAMS 0x00000000e6000000, 0x00000000e6000000| Untracked 
|  97|0x00000000e6100000, 0x00000000e6100000, 0x00000000e6200000|  0%| F|  |TAMS 0x00000000e6100000, 0x00000000e6100000| Untracked 
|  98|0x00000000e6200000, 0x00000000e6200000, 0x00000000e6300000|  0%| F|  |TAMS 0x00000000e6200000, 0x00000000e6200000| Untracked 
|  99|0x00000000e6300000, 0x00000000e6300000, 0x00000000e6400000|  0%| F|  |TAMS 0x00000000e6300000, 0x00000000e6300000| Untracked 
| 100|0x00000000e6400000, 0x00000000e6400000, 0x00000000e6500000|  0%| F|  |TAMS 0x00000000e6400000, 0x00000000e6400000| Untracked 
| 101|0x00000000e6500000, 0x00000000e6500000, 0x00000000e6600000|  0%| F|  |TAMS 0x00000000e6500000, 0x00000000e6500000| Untracked 
| 102|0x00000000e6600000, 0x00000000e6600000, 0x00000000e6700000|  0%| F|  |TAMS 0x00000000e6600000, 0x00000000e6600000| Untracked 
| 103|0x00000000e6700000, 0x00000000e6700000, 0x00000000e6800000|  0%| F|  |TAMS 0x00000000e6700000, 0x00000000e6700000| Untracked 
| 104|0x00000000e6800000, 0x00000000e6800000, 0x00000000e6900000|  0%| F|  |TAMS 0x00000000e6800000, 0x00000000e6800000| Untracked 
| 105|0x00000000e6900000, 0x00000000e6900000, 0x00000000e6a00000|  0%| F|  |TAMS 0x00000000e6900000, 0x00000000e6900000| Untracked 
| 106|0x00000000e6a00000, 0x00000000e6a00000, 0x00000000e6b00000|  0%| F|  |TAMS 0x00000000e6a00000, 0x00000000e6a00000| Untracked 
| 107|0x00000000e6b00000, 0x00000000e6b00000, 0x00000000e6c00000|  0%| F|  |TAMS 0x00000000e6b00000, 0x00000000e6b00000| Untracked 
| 108|0x00000000e6c00000, 0x00000000e6c00000, 0x00000000e6d00000|  0%| F|  |TAMS 0x00000000e6c00000, 0x00000000e6c00000| Untracked 
| 109|0x00000000e6d00000, 0x00000000e6d00000, 0x00000000e6e00000|  0%| F|  |TAMS 0x00000000e6d00000, 0x00000000e6d00000| Untracked 
| 110|0x00000000e6e00000, 0x00000000e6e00000, 0x00000000e6f00000|  0%| F|  |TAMS 0x00000000e6e00000, 0x00000000e6e00000| Untracked 
| 111|0x00000000e6f00000, 0x00000000e6f00000, 0x00000000e7000000|  0%| F|  |TAMS 0x00000000e6f00000, 0x00000000e6f00000| Untracked 
| 112|0x00000000e7000000, 0x00000000e7000000, 0x00000000e7100000|  0%| F|  |TAMS 0x00000000e7000000, 0x00000000e7000000| Untracked 
| 113|0x00000000e7100000, 0x00000000e7100000, 0x00000000e7200000|  0%| F|  |TAMS 0x00000000e7100000, 0x00000000e7100000| Untracked 
| 114|0x00000000e7200000, 0x00000000e7200000, 0x00000000e7300000|  0%| F|  |TAMS 0x00000000e7200000, 0x00000000e7200000| Untracked 
| 115|0x00000000e7300000, 0x00000000e7300000, 0x00000000e7400000|  0%| F|  |TAMS 0x00000000e7300000, 0x00000000e7300000| Untracked 
| 116|0x00000000e7400000, 0x00000000e7400000, 0x00000000e7500000|  0%| F|  |TAMS 0x00000000e7400000, 0x00000000e7400000| Untracked 
| 117|0x00000000e7500000, 0x00000000e7500000, 0x00000000e7600000|  0%| F|  |TAMS 0x00000000e7500000, 0x00000000e7500000| Untracked 
| 118|0x00000000e7600000, 0x00000000e7600000, 0x00000000e7700000|  0%| F|  |TAMS 0x00000000e7600000, 0x00000000e7600000| Untracked 
| 119|0x00000000e7700000, 0x00000000e7700000, 0x00000000e7800000|  0%| F|  |TAMS 0x00000000e7700000, 0x00000000e7700000| Untracked 
| 120|0x00000000e7800000, 0x00000000e7800000, 0x00000000e7900000|  0%| F|  |TAMS 0x00000000e7800000, 0x00000000e7800000| Untracked 
| 121|0x00000000e7900000, 0x00000000e7900000, 0x00000000e7a00000|  0%| F|  |TAMS 0x00000000e7900000, 0x00000000e7900000| Untracked 
| 122|0x00000000e7a00000, 0x00000000e7a00000, 0x00000000e7b00000|  0%| F|  |TAMS 0x00000000e7a00000, 0x00000000e7a00000| Untracked 
| 123|0x00000000e7b00000, 0x00000000e7b00000, 0x00000000e7c00000|  0%| F|  |TAMS 0x00000000e7b00000, 0x00000000e7b00000| Untracked 
| 124|0x00000000e7c00000, 0x00000000e7c00000, 0x00000000e7d00000|  0%| F|  |TAMS 0x00000000e7c00000, 0x00000000e7c00000| Untracked 
| 125|0x00000000e7d00000, 0x00000000e7d00000, 0x00000000e7e00000|  0%| F|  |TAMS 0x00000000e7d00000, 0x00000000e7d00000| Untracked 
| 126|0x00000000e7e00000, 0x00000000e7e00000, 0x00000000e7f00000|  0%| F|  |TAMS 0x00000000e7e00000, 0x00000000e7e00000| Untracked 
| 127|0x00000000e7f00000, 0x00000000e7f00000, 0x00000000e8000000|  0%| F|  |TAMS 0x00000000e7f00000, 0x00000000e7f00000| Untracked 
| 128|0x00000000e8000000, 0x00000000e8000000, 0x00000000e8100000|  0%| F|  |TAMS 0x00000000e8000000, 0x00000000e8000000| Untracked 
| 129|0x00000000e8100000, 0x00000000e8100000, 0x00000000e8200000|  0%| F|  |TAMS 0x00000000e8100000, 0x00000000e8100000| Untracked 
| 130|0x00000000e8200000, 0x00000000e8200000, 0x00000000e8300000|  0%| F|  |TAMS 0x00000000e8200000, 0x00000000e8200000| Untracked 
| 131|0x00000000e8300000, 0x00000000e8300000, 0x00000000e8400000|  0%| F|  |TAMS 0x00000000e8300000, 0x00000000e8300000| Untracked 
| 132|0x00000000e8400000, 0x00000000e8400000, 0x00000000e8500000|  0%| F|  |TAMS 0x00000000e8400000, 0x00000000e8400000| Untracked 
| 133|0x00000000e8500000, 0x00000000e8500000, 0x00000000e8600000|  0%| F|  |TAMS 0x00000000e8500000, 0x00000000e8500000| Untracked 
| 134|0x00000000e8600000, 0x00000000e8600000, 0x00000000e8700000|  0%| F|  |TAMS 0x00000000e8600000, 0x00000000e8600000| Untracked 
| 135|0x00000000e8700000, 0x00000000e8700000, 0x00000000e8800000|  0%| F|  |TAMS 0x00000000e8700000, 0x00000000e8700000| Untracked 
| 136|0x00000000e8800000, 0x00000000e8800000, 0x00000000e8900000|  0%| F|  |TAMS 0x00000000e8800000, 0x00000000e8800000| Untracked 
| 137|0x00000000e8900000, 0x00000000e8900000, 0x00000000e8a00000|  0%| F|  |TAMS 0x00000000e8900000, 0x00000000e8900000| Untracked 
| 138|0x00000000e8a00000, 0x00000000e8a00000, 0x00000000e8b00000|  0%| F|  |TAMS 0x00000000e8a00000, 0x00000000e8a00000| Untracked 
| 139|0x00000000e8b00000, 0x00000000e8b00000, 0x00000000e8c00000|  0%| F|  |TAMS 0x00000000e8b00000, 0x00000000e8b00000| Untracked 
| 140|0x00000000e8c00000, 0x00000000e8c00000, 0x00000000e8d00000|  0%| F|  |TAMS 0x00000000e8c00000, 0x00000000e8c00000| Untracked 
| 141|0x00000000e8d00000, 0x00000000e8d00000, 0x00000000e8e00000|  0%| F|  |TAMS 0x00000000e8d00000, 0x00000000e8d00000| Untracked 
| 142|0x00000000e8e00000, 0x00000000e8e00000, 0x00000000e8f00000|  0%| F|  |TAMS 0x00000000e8e00000, 0x00000000e8e00000| Untracked 
| 143|0x00000000e8f00000, 0x00000000e8f00000, 0x00000000e9000000|  0%| F|  |TAMS 0x00000000e8f00000, 0x00000000e8f00000| Untracked 
| 144|0x00000000e9000000, 0x00000000e9000000, 0x00000000e9100000|  0%| F|  |TAMS 0x00000000e9000000, 0x00000000e9000000| Untracked 
| 145|0x00000000e9100000, 0x00000000e9100000, 0x00000000e9200000|  0%| F|  |TAMS 0x00000000e9100000, 0x00000000e9100000| Untracked 
| 146|0x00000000e9200000, 0x00000000e9200000, 0x00000000e9300000|  0%| F|  |TAMS 0x00000000e9200000, 0x00000000e9200000| Untracked 
| 147|0x00000000e9300000, 0x00000000e9300000, 0x00000000e9400000|  0%| F|  |TAMS 0x00000000e9300000, 0x00000000e9300000| Untracked 
| 148|0x00000000e9400000, 0x00000000e9400000, 0x00000000e9500000|  0%| F|  |TAMS 0x00000000e9400000, 0x00000000e9400000| Untracked 
| 149|0x00000000e9500000, 0x00000000e9500000, 0x00000000e9600000|  0%| F|  |TAMS 0x00000000e9500000, 0x00000000e9500000| Untracked 
| 150|0x00000000e9600000, 0x00000000e9600000, 0x00000000e9700000|  0%| F|  |TAMS 0x00000000e9600000, 0x00000000e9600000| Untracked 
| 151|0x00000000e9700000, 0x00000000e9700000, 0x00000000e9800000|  0%| F|  |TAMS 0x00000000e9700000, 0x00000000e9700000| Untracked 
| 152|0x00000000e9800000, 0x00000000e9800000, 0x00000000e9900000|  0%| F|  |TAMS 0x00000000e9800000, 0x00000000e9800000| Untracked 
| 153|0x00000000e9900000, 0x00000000e9900000, 0x00000000e9a00000|  0%| F|  |TAMS 0x00000000e9900000, 0x00000000e9900000| Untracked 
| 154|0x00000000e9a00000, 0x00000000e9a00000, 0x00000000e9b00000|  0%| F|  |TAMS 0x00000000e9a00000, 0x00000000e9a00000| Untracked 
| 155|0x00000000e9b00000, 0x00000000e9b00000, 0x00000000e9c00000|  0%| F|  |TAMS 0x00000000e9b00000, 0x00000000e9b00000| Untracked 
| 156|0x00000000e9c00000, 0x00000000e9c00000, 0x00000000e9d00000|  0%| F|  |TAMS 0x00000000e9c00000, 0x00000000e9c00000| Untracked 
| 157|0x00000000e9d00000, 0x00000000e9d00000, 0x00000000e9e00000|  0%| F|  |TAMS 0x00000000e9d00000, 0x00000000e9d00000| Untracked 
| 158|0x00000000e9e00000, 0x00000000e9e00000, 0x00000000e9f00000|  0%| F|  |TAMS 0x00000000e9e00000, 0x00000000e9e00000| Untracked 
| 159|0x00000000e9f00000, 0x00000000e9f00000, 0x00000000ea000000|  0%| F|  |TAMS 0x00000000e9f00000, 0x00000000e9f00000| Untracked 
| 160|0x00000000ea000000, 0x00000000ea000000, 0x00000000ea100000|  0%| F|  |TAMS 0x00000000ea000000, 0x00000000ea000000| Untracked 
| 161|0x00000000ea100000, 0x00000000ea100000, 0x00000000ea200000|  0%| F|  |TAMS 0x00000000ea100000, 0x00000000ea100000| Untracked 
| 162|0x00000000ea200000, 0x00000000ea200000, 0x00000000ea300000|  0%| F|  |TAMS 0x00000000ea200000, 0x00000000ea200000| Untracked 
| 163|0x00000000ea300000, 0x00000000ea300000, 0x00000000ea400000|  0%| F|  |TAMS 0x00000000ea300000, 0x00000000ea300000| Untracked 
| 164|0x00000000ea400000, 0x00000000ea400000, 0x00000000ea500000|  0%| F|  |TAMS 0x00000000ea400000, 0x00000000ea400000| Untracked 
| 165|0x00000000ea500000, 0x00000000ea500000, 0x00000000ea600000|  0%| F|  |TAMS 0x00000000ea500000, 0x00000000ea500000| Untracked 
| 166|0x00000000ea600000, 0x00000000ea600000, 0x00000000ea700000|  0%| F|  |TAMS 0x00000000ea600000, 0x00000000ea600000| Untracked 
| 167|0x00000000ea700000, 0x00000000ea700000, 0x00000000ea800000|  0%| F|  |TAMS 0x00000000ea700000, 0x00000000ea700000| Untracked 
| 168|0x00000000ea800000, 0x00000000ea800000, 0x00000000ea900000|  0%| F|  |TAMS 0x00000000ea800000, 0x00000000ea800000| Untracked 
| 169|0x00000000ea900000, 0x00000000ea900000, 0x00000000eaa00000|  0%| F|  |TAMS 0x00000000ea900000, 0x00000000ea900000| Untracked 
| 170|0x00000000eaa00000, 0x00000000eaa00000, 0x00000000eab00000|  0%| F|  |TAMS 0x00000000eaa00000, 0x00000000eaa00000| Untracked 
| 171|0x00000000eab00000, 0x00000000eab00000, 0x00000000eac00000|  0%| F|  |TAMS 0x00000000eab00000, 0x00000000eab00000| Untracked 
| 172|0x00000000eac00000, 0x00000000eac00000, 0x00000000ead00000|  0%| F|  |TAMS 0x00000000eac00000, 0x00000000eac00000| Untracked 
| 173|0x00000000ead00000, 0x00000000ead00000, 0x00000000eae00000|  0%| F|  |TAMS 0x00000000ead00000, 0x00000000ead00000| Untracked 
| 174|0x00000000eae00000, 0x00000000eae00000, 0x00000000eaf00000|  0%| F|  |TAMS 0x00000000eae00000, 0x00000000eae00000| Untracked 
| 175|0x00000000eaf00000, 0x00000000eaf00000, 0x00000000eb000000|  0%| F|  |TAMS 0x00000000eaf00000, 0x00000000eaf00000| Untracked 
| 176|0x00000000eb000000, 0x00000000eb000000, 0x00000000eb100000|  0%| F|  |TAMS 0x00000000eb000000, 0x00000000eb000000| Untracked 
| 177|0x00000000eb100000, 0x00000000eb100000, 0x00000000eb200000|  0%| F|  |TAMS 0x00000000eb100000, 0x00000000eb100000| Untracked 
| 178|0x00000000eb200000, 0x00000000eb200000, 0x00000000eb300000|  0%| F|  |TAMS 0x00000000eb200000, 0x00000000eb200000| Untracked 
| 179|0x00000000eb300000, 0x00000000eb300000, 0x00000000eb400000|  0%| F|  |TAMS 0x00000000eb300000, 0x00000000eb300000| Untracked 
| 180|0x00000000eb400000, 0x00000000eb400000, 0x00000000eb500000|  0%| F|  |TAMS 0x00000000eb400000, 0x00000000eb400000| Untracked 
| 181|0x00000000eb500000, 0x00000000eb500000, 0x00000000eb600000|  0%| F|  |TAMS 0x00000000eb500000, 0x00000000eb500000| Untracked 
| 182|0x00000000eb600000, 0x00000000eb600000, 0x00000000eb700000|  0%| F|  |TAMS 0x00000000eb600000, 0x00000000eb600000| Untracked 
| 183|0x00000000eb700000, 0x00000000eb700000, 0x00000000eb800000|  0%| F|  |TAMS 0x00000000eb700000, 0x00000000eb700000| Untracked 
| 184|0x00000000eb800000, 0x00000000eb900000, 0x00000000eb900000|100%| E|  |TAMS 0x00000000eb800000, 0x00000000eb800000| Complete 
| 185|0x00000000eb900000, 0x00000000eba00000, 0x00000000eba00000|100%| E|CS|TAMS 0x00000000eb900000, 0x00000000eb900000| Complete 
| 186|0x00000000eba00000, 0x00000000ebb00000, 0x00000000ebb00000|100%| E|CS|TAMS 0x00000000eba00000, 0x00000000eba00000| Complete 
| 187|0x00000000ebb00000, 0x00000000ebc00000, 0x00000000ebc00000|100%| E|CS|TAMS 0x00000000ebb00000, 0x00000000ebb00000| Complete 
| 188|0x00000000ebc00000, 0x00000000ebd00000, 0x00000000ebd00000|100%| E|CS|TAMS 0x00000000ebc00000, 0x00000000ebc00000| Complete 
| 189|0x00000000ebd00000, 0x00000000ebe00000, 0x00000000ebe00000|100%| E|CS|TAMS 0x00000000ebd00000, 0x00000000ebd00000| Complete 
| 190|0x00000000ebe00000, 0x00000000ebf00000, 0x00000000ebf00000|100%| E|CS|TAMS 0x00000000ebe00000, 0x00000000ebe00000| Complete 
| 191|0x00000000ebf00000, 0x00000000ec000000, 0x00000000ec000000|100%| E|CS|TAMS 0x00000000ebf00000, 0x00000000ebf00000| Complete 
| 192|0x00000000ec000000, 0x00000000ec100000, 0x00000000ec100000|100%| E|CS|TAMS 0x00000000ec000000, 0x00000000ec000000| Complete 
| 193|0x00000000ec100000, 0x00000000ec200000, 0x00000000ec200000|100%| E|CS|TAMS 0x00000000ec100000, 0x00000000ec100000| Complete 
| 194|0x00000000ec200000, 0x00000000ec300000, 0x00000000ec300000|100%| E|CS|TAMS 0x00000000ec200000, 0x00000000ec200000| Complete 
| 195|0x00000000ec300000, 0x00000000ec400000, 0x00000000ec400000|100%| E|CS|TAMS 0x00000000ec300000, 0x00000000ec300000| Complete 
| 196|0x00000000ec400000, 0x00000000ec500000, 0x00000000ec500000|100%| E|CS|TAMS 0x00000000ec400000, 0x00000000ec400000| Complete 
| 197|0x00000000ec500000, 0x00000000ec600000, 0x00000000ec600000|100%| E|CS|TAMS 0x00000000ec500000, 0x00000000ec500000| Complete 
| 198|0x00000000ec600000, 0x00000000ec700000, 0x00000000ec700000|100%| E|CS|TAMS 0x00000000ec600000, 0x00000000ec600000| Complete 
| 199|0x00000000ec700000, 0x00000000ec800000, 0x00000000ec800000|100%| E|CS|TAMS 0x00000000ec700000, 0x00000000ec700000| Complete 
| 200|0x00000000ec800000, 0x00000000ec900000, 0x00000000ec900000|100%| E|CS|TAMS 0x00000000ec800000, 0x00000000ec800000| Complete 
| 201|0x00000000ec900000, 0x00000000eca00000, 0x00000000eca00000|100%| E|CS|TAMS 0x00000000ec900000, 0x00000000ec900000| Complete 
| 202|0x00000000eca00000, 0x00000000ecb00000, 0x00000000ecb00000|100%| E|CS|TAMS 0x00000000eca00000, 0x00000000eca00000| Complete 
| 203|0x00000000ecb00000, 0x00000000ecc00000, 0x00000000ecc00000|100%| E|CS|TAMS 0x00000000ecb00000, 0x00000000ecb00000| Complete 
| 204|0x00000000ecc00000, 0x00000000ecd00000, 0x00000000ecd00000|100%| E|CS|TAMS 0x00000000ecc00000, 0x00000000ecc00000| Complete 
| 205|0x00000000ecd00000, 0x00000000ece00000, 0x00000000ece00000|100%| E|CS|TAMS 0x00000000ecd00000, 0x00000000ecd00000| Complete 
| 206|0x00000000ece00000, 0x00000000ecf00000, 0x00000000ecf00000|100%| E|CS|TAMS 0x00000000ece00000, 0x00000000ece00000| Complete 
| 207|0x00000000ecf00000, 0x00000000ed000000, 0x00000000ed000000|100%| E|CS|TAMS 0x00000000ecf00000, 0x00000000ecf00000| Complete 
| 208|0x00000000ed000000, 0x00000000ed100000, 0x00000000ed100000|100%| E|CS|TAMS 0x00000000ed000000, 0x00000000ed000000| Complete 
| 209|0x00000000ed100000, 0x00000000ed200000, 0x00000000ed200000|100%| E|CS|TAMS 0x00000000ed100000, 0x00000000ed100000| Complete 
| 210|0x00000000ed200000, 0x00000000ed300000, 0x00000000ed300000|100%| E|CS|TAMS 0x00000000ed200000, 0x00000000ed200000| Complete 
| 211|0x00000000ed300000, 0x00000000ed400000, 0x00000000ed400000|100%| E|CS|TAMS 0x00000000ed300000, 0x00000000ed300000| Complete 
| 212|0x00000000ed400000, 0x00000000ed500000, 0x00000000ed500000|100%| E|CS|TAMS 0x00000000ed400000, 0x00000000ed400000| Complete 
| 213|0x00000000ed500000, 0x00000000ed600000, 0x00000000ed600000|100%| E|CS|TAMS 0x00000000ed500000, 0x00000000ed500000| Complete 
| 214|0x00000000ed600000, 0x00000000ed700000, 0x00000000ed700000|100%| E|CS|TAMS 0x00000000ed600000, 0x00000000ed600000| Complete 
| 215|0x00000000ed700000, 0x00000000ed800000, 0x00000000ed800000|100%| E|CS|TAMS 0x00000000ed700000, 0x00000000ed700000| Complete 
| 216|0x00000000ed800000, 0x00000000ed900000, 0x00000000ed900000|100%| E|CS|TAMS 0x00000000ed800000, 0x00000000ed800000| Complete 
| 217|0x00000000ed900000, 0x00000000eda00000, 0x00000000eda00000|100%| E|CS|TAMS 0x00000000ed900000, 0x00000000ed900000| Complete 
| 218|0x00000000eda00000, 0x00000000edb00000, 0x00000000edb00000|100%| E|CS|TAMS 0x00000000eda00000, 0x00000000eda00000| Complete 
| 219|0x00000000edb00000, 0x00000000edc00000, 0x00000000edc00000|100%| E|CS|TAMS 0x00000000edb00000, 0x00000000edb00000| Complete 
| 220|0x00000000edc00000, 0x00000000edd00000, 0x00000000edd00000|100%| E|CS|TAMS 0x00000000edc00000, 0x00000000edc00000| Complete 
| 221|0x00000000edd00000, 0x00000000ede00000, 0x00000000ede00000|100%| E|CS|TAMS 0x00000000edd00000, 0x00000000edd00000| Complete 
| 222|0x00000000ede00000, 0x00000000edf00000, 0x00000000edf00000|100%| E|CS|TAMS 0x00000000ede00000, 0x00000000ede00000| Complete 
| 223|0x00000000edf00000, 0x00000000ee000000, 0x00000000ee000000|100%| E|CS|TAMS 0x00000000edf00000, 0x00000000edf00000| Complete 
| 224|0x00000000ee000000, 0x00000000ee08aca8, 0x00000000ee100000| 54%| S|CS|TAMS 0x00000000ee000000, 0x00000000ee000000| Complete 
| 225|0x00000000ee100000, 0x00000000ee200000, 0x00000000ee200000|100%| S|CS|TAMS 0x00000000ee100000, 0x00000000ee100000| Complete 
| 226|0x00000000ee200000, 0x00000000ee300000, 0x00000000ee300000|100%| E|CS|TAMS 0x00000000ee200000, 0x00000000ee200000| Complete 
| 227|0x00000000ee300000, 0x00000000ee400000, 0x00000000ee400000|100%| E|CS|TAMS 0x00000000ee300000, 0x00000000ee300000| Complete 
| 228|0x00000000ee400000, 0x00000000ee500000, 0x00000000ee500000|100%| E|CS|TAMS 0x00000000ee400000, 0x00000000ee400000| Complete 
| 229|0x00000000ee500000, 0x00000000ee600000, 0x00000000ee600000|100%| E|CS|TAMS 0x00000000ee500000, 0x00000000ee500000| Complete 
| 230|0x00000000ee600000, 0x00000000ee700000, 0x00000000ee700000|100%| E|CS|TAMS 0x00000000ee600000, 0x00000000ee600000| Complete 
| 231|0x00000000ee700000, 0x00000000ee800000, 0x00000000ee800000|100%| E|CS|TAMS 0x00000000ee700000, 0x00000000ee700000| Complete 
| 232|0x00000000ee800000, 0x00000000ee900000, 0x00000000ee900000|100%| E|CS|TAMS 0x00000000ee800000, 0x00000000ee800000| Complete 
| 233|0x00000000ee900000, 0x00000000eea00000, 0x00000000eea00000|100%| E|CS|TAMS 0x00000000ee900000, 0x00000000ee900000| Complete 
| 234|0x00000000eea00000, 0x00000000eeb00000, 0x00000000eeb00000|100%| E|CS|TAMS 0x00000000eea00000, 0x00000000eea00000| Complete 
| 235|0x00000000eeb00000, 0x00000000eec00000, 0x00000000eec00000|100%| E|CS|TAMS 0x00000000eeb00000, 0x00000000eeb00000| Complete 
| 236|0x00000000eec00000, 0x00000000eed00000, 0x00000000eed00000|100%| E|CS|TAMS 0x00000000eec00000, 0x00000000eec00000| Complete 
| 237|0x00000000eed00000, 0x00000000eee00000, 0x00000000eee00000|100%| E|CS|TAMS 0x00000000eed00000, 0x00000000eed00000| Complete 
| 238|0x00000000eee00000, 0x00000000eef00000, 0x00000000eef00000|100%| E|CS|TAMS 0x00000000eee00000, 0x00000000eee00000| Complete 
| 239|0x00000000eef00000, 0x00000000ef000000, 0x00000000ef000000|100%| E|CS|TAMS 0x00000000eef00000, 0x00000000eef00000| Complete 
| 240|0x00000000ef000000, 0x00000000ef100000, 0x00000000ef100000|100%| E|CS|TAMS 0x00000000ef000000, 0x00000000ef000000| Complete 
| 241|0x00000000ef100000, 0x00000000ef200000, 0x00000000ef200000|100%| E|CS|TAMS 0x00000000ef100000, 0x00000000ef100000| Complete 
| 242|0x00000000ef200000, 0x00000000ef300000, 0x00000000ef300000|100%| E|CS|TAMS 0x00000000ef200000, 0x00000000ef200000| Complete 
| 243|0x00000000ef300000, 0x00000000ef400000, 0x00000000ef400000|100%| E|CS|TAMS 0x00000000ef300000, 0x00000000ef300000| Complete 
| 244|0x00000000ef400000, 0x00000000ef500000, 0x00000000ef500000|100%| E|CS|TAMS 0x00000000ef400000, 0x00000000ef400000| Complete 
| 245|0x00000000ef500000, 0x00000000ef600000, 0x00000000ef600000|100%| E|CS|TAMS 0x00000000ef500000, 0x00000000ef500000| Complete 
| 246|0x00000000ef600000, 0x00000000ef700000, 0x00000000ef700000|100%| E|CS|TAMS 0x00000000ef600000, 0x00000000ef600000| Complete 
| 247|0x00000000ef700000, 0x00000000ef800000, 0x00000000ef800000|100%| E|CS|TAMS 0x00000000ef700000, 0x00000000ef700000| Complete 
| 248|0x00000000ef800000, 0x00000000ef900000, 0x00000000ef900000|100%| E|CS|TAMS 0x00000000ef800000, 0x00000000ef800000| Complete 
| 249|0x00000000ef900000, 0x00000000efa00000, 0x00000000efa00000|100%| E|CS|TAMS 0x00000000ef900000, 0x00000000ef900000| Complete 
| 250|0x00000000efa00000, 0x00000000efb00000, 0x00000000efb00000|100%| E|CS|TAMS 0x00000000efa00000, 0x00000000efa00000| Complete 
| 251|0x00000000efb00000, 0x00000000efc00000, 0x00000000efc00000|100%| E|CS|TAMS 0x00000000efb00000, 0x00000000efb00000| Complete 
| 252|0x00000000efc00000, 0x00000000efd00000, 0x00000000efd00000|100%| E|CS|TAMS 0x00000000efc00000, 0x00000000efc00000| Complete 
| 253|0x00000000efd00000, 0x00000000efe00000, 0x00000000efe00000|100%| E|CS|TAMS 0x00000000efd00000, 0x00000000efd00000| Complete 
| 254|0x00000000efe00000, 0x00000000eff00000, 0x00000000eff00000|100%| E|CS|TAMS 0x00000000efe00000, 0x00000000efe00000| Complete 
| 255|0x00000000eff00000, 0x00000000f0000000, 0x00000000f0000000|100%| E|CS|TAMS 0x00000000eff00000, 0x00000000eff00000| Complete 

Card table byte_map: [0x0000025979fb0000,0x000002597a0b0000] _byte_map_base: 0x00000259798b0000

Marking Bits (Prev, Next): (CMBitMap*) 0x00000259711e8808, (CMBitMap*) 0x00000259711e8848
 Prev Bits: [0x000002597a1b0000, 0x000002597a9b0000)
 Next Bits: [0x000002597a9b0000, 0x000002597b1b0000)

Polling page: 0x000002596f130000

Metaspace:

Usage:
  Non-class:      9.68 MB capacity,     9.28 MB ( 96%) used,   371.69 KB (  4%) free+waste,    46.25 KB ( <1%) overhead. 
      Class:      1.41 MB capacity,     1.21 MB ( 86%) used,   175.15 KB ( 12%) free+waste,    24.50 KB (  2%) overhead. 
       Both:     11.09 MB capacity,    10.49 MB ( 95%) used,   546.84 KB (  5%) free+waste,    70.75 KB ( <1%) overhead. 

Virtual space:
  Non-class space:       10.00 MB reserved,       9.75 MB ( 98%) committed 
      Class space:        1.00 GB reserved,       1.50 MB ( <1%) committed 
             Both:        1.01 GB reserved,      11.25 MB (  1%) committed 

Chunk freelists:
   Non-Class:  3.00 KB
       Class:  0 bytes
        Both:  3.00 KB

MaxMetaspaceSize: 17179869184.00 GB
CompressedClassSpaceSize: 1.00 GB

CodeHeap 'non-profiled nmethods': size=120000Kb used=1482Kb max_used=1482Kb free=118517Kb
 bounds [0x0000025907ad0000, 0x0000025907d40000, 0x000002590f000000]
CodeHeap 'profiled nmethods': size=120000Kb used=6017Kb max_used=6017Kb free=113982Kb
 bounds [0x00000259005a0000, 0x0000025900b90000, 0x0000025907ad0000]
CodeHeap 'non-nmethods': size=5760Kb used=1182Kb max_used=1259Kb free=4577Kb
 bounds [0x0000025900000000, 0x0000025900270000, 0x00000259005a0000]
 total_blobs=3991 nmethods=2535 adapters=345
 compilation: enabled
              stopped_count=0, restarted_count=0
 full_count=0

Compilation events (20 events):
Event: 1.666 Thread 0x000002597e6ad000 2530       3       jdk.internal.org.objectweb.asm.AnnotationVisitor::<init> (7 bytes)
Event: 1.666 Thread 0x000002597e6ad000 nmethod 2530 0x0000025900b7e790 code [0x0000025900b7e940, 0x0000025900b7ea88]
Event: 1.666 Thread 0x000002597e6ad000 2531       3       jdk.internal.org.objectweb.asm.AnnotationVisitor::<init> (47 bytes)
Event: 1.666 Thread 0x000002597e6ad000 nmethod 2531 0x0000025900b7eb10 code [0x0000025900b7ecc0, 0x0000025900b7f068]
Event: 1.666 Thread 0x000002597e6ad000 2532       3       jdk.internal.org.objectweb.asm.AnnotationWriter::visitEnd (44 bytes)
Event: 1.666 Thread 0x000002597e6ad000 nmethod 2532 0x0000025900b7f190 code [0x0000025900b7f320, 0x0000025900b7f4d8]
Event: 1.667 Thread 0x000002597e6ad000 2534       3       java.lang.invoke.LambdaForm$NamedFunction::methodType (23 bytes)
Event: 1.667 Thread 0x000002597e6ad000 nmethod 2534 0x0000025900b7f610 code [0x0000025900b7f7c0, 0x0000025900b7fa08]
Event: 1.668 Thread 0x000002597e6ad000 2535       1       java.util.concurrent.locks.AbstractOwnableSynchronizer::getExclusiveOwnerThread (5 bytes)
Event: 1.668 Thread 0x000002597e6ad000 nmethod 2535 0x0000025907c23810 code [0x0000025907c239a0, 0x0000025907c23a78]
Event: 1.668 Thread 0x000002597e6ad000 2536       1       java.util.concurrent.locks.AbstractOwnableSynchronizer::setExclusiveOwnerThread (6 bytes)
Event: 1.668 Thread 0x000002597e6ad000 nmethod 2536 0x0000025907c23b10 code [0x0000025907c23ca0, 0x0000025907c23db8]
Event: 1.670 Thread 0x000002597e6ad000 2537       3       java.util.LinkedHashMap::afterNodeAccess (116 bytes)
Event: 1.670 Thread 0x000002597e6ad000 nmethod 2537 0x0000025900b7fb10 code [0x0000025900b7fce0, 0x0000025900b80358]
Event: 1.680 Thread 0x000002597e7c5000 nmethod 2486 0x0000025907c23e10 code [0x0000025907c244c0, 0x0000025907c27ca8]
Event: 1.680 Thread 0x000002597e7c5000 2496       4       org.jacoco.agent.rt.internal_f3994fa.asm.ClassReader::<init> (371 bytes)
Event: 1.693 Thread 0x000002597e7c5000 nmethod 2496 0x0000025907c29b90 code [0x0000025907c29de0, 0x0000025907c2aae8]
Event: 1.693 Thread 0x000002597e7c5000 2538       4       java.util.HashMap::isEmpty (13 bytes)
Event: 1.693 Thread 0x000002597e7c5000 nmethod 2538 0x0000025907c2af10 code [0x0000025907c2b080, 0x0000025907c2b0f8]
Event: 1.693 Thread 0x000002597e7c5000 2524       4       java.lang.String::lastIndexOf (29 bytes)

GC Heap History (4 events):
Event: 0.499 GC heap before
{Heap before GC invocations=0 (full 0):
 garbage-first heap   total 262144K, used 23552K [0x00000000e0000000, 0x0000000100000000)
  region size 1024K, 23 young (23552K), 0 survivors (0K)
 Metaspace       used 2997K, capacity 5855K, committed 6016K, reserved 1056768K
  class space    used 294K, capacity 568K, committed 640K, reserved 1048576K
}
Event: 0.502 GC heap after
{Heap after GC invocations=1 (full 0):
 garbage-first heap   total 262144K, used 8150K [0x00000000e0000000, 0x0000000100000000)
  region size 1024K, 3 young (3072K), 3 survivors (3072K)
 Metaspace       used 2997K, capacity 5855K, committed 6016K, reserved 1056768K
  class space    used 294K, capacity 568K, committed 640K, reserved 1048576K
}
Event: 0.892 GC heap before
{Heap before GC invocations=1 (full 0):
 garbage-first heap   total 262144K, used 35798K [0x00000000e0000000, 0x0000000100000000)
  region size 1024K, 30 young (30720K), 3 survivors (3072K)
 Metaspace       used 6372K, capacity 7428K, committed 7552K, reserved 1056768K
  class space    used 721K, capacity 851K, committed 896K, reserved 1048576K
}
Event: 0.895 GC heap after
{Heap after GC invocations=2 (full 0):
 garbage-first heap   total 262144K, used 9697K [0x00000000e0000000, 0x0000000100000000)
  region size 1024K, 2 young (2048K), 2 survivors (2048K)
 Metaspace       used 6372K, capacity 7428K, committed 7552K, reserved 1056768K
  class space    used 721K, capacity 851K, committed 896K, reserved 1048576K
}

Deoptimization events (20 events):
Event: 1.556 Thread 0x000002590fbf8800 Uncommon trap: trap_request=0xffffff45 fr.pc=0x0000025907b885e8 relative=0x0000000000000388
Event: 1.556 Thread 0x000002590fbf8800 Uncommon trap: reason=unstable_if action=reinterpret pc=0x0000025907b885e8 method=java.util.regex.Matcher.match(II)Z @ 76 c2
Event: 1.556 Thread 0x000002590fbf8800 DEOPT PACKING pc=0x0000025907b885e8 sp=0x000000982c0fc2a0
Event: 1.556 Thread 0x000002590fbf8800 DEOPT UNPACKING pc=0x000002590004912f sp=0x000000982c0fc240 mode 2
Event: 1.597 Thread 0x000002590fbf8800 Uncommon trap: trap_request=0xffffff45 fr.pc=0x0000025907c16620 relative=0x0000000000000b20
Event: 1.597 Thread 0x000002590fbf8800 Uncommon trap: reason=unstable_if action=reinterpret pc=0x0000025907c16620 method=org.jacoco.agent.rt.internal_f3994fa.asm.ClassReader.computeImplicitFrame(Lorg/jacoco/agent/rt/internal_f3994fa/asm/Context;)V @ 86 c2
Event: 1.597 Thread 0x000002590fbf8800 DEOPT PACKING pc=0x0000025907c16620 sp=0x000000982c0f7e90
Event: 1.597 Thread 0x000002590fbf8800 DEOPT UNPACKING pc=0x000002590004912f sp=0x000000982c0f7e78 mode 2
Event: 1.597 Thread 0x000002590fbf8800 Uncommon trap: trap_request=0xffffff45 fr.pc=0x0000025907ba943c relative=0x00000000000009dc
Event: 1.597 Thread 0x000002590fbf8800 Uncommon trap: reason=unstable_if action=reinterpret pc=0x0000025907ba943c method=org.jacoco.agent.rt.internal_f3994fa.asm.Frame.getAbstractTypeFromDescriptor(Lorg/jacoco/agent/rt/internal_f3994fa/asm/SymbolTable;Ljava/lang/String;I)I @ 5 c2
Event: 1.597 Thread 0x000002590fbf8800 DEOPT PACKING pc=0x0000025907ba943c sp=0x000000982c0f7b60
Event: 1.597 Thread 0x000002590fbf8800 DEOPT UNPACKING pc=0x000002590004912f sp=0x000000982c0f7b20 mode 2
Event: 1.616 Thread 0x000002590fbf8800 Uncommon trap: trap_request=0xffffff45 fr.pc=0x0000025907be555c relative=0x000000000000049c
Event: 1.616 Thread 0x000002590fbf8800 Uncommon trap: reason=unstable_if action=reinterpret pc=0x0000025907be555c method=java.util.jar.Manifest$FastInputStream.readLine([BII)I @ 90 c2
Event: 1.616 Thread 0x000002590fbf8800 DEOPT PACKING pc=0x0000025907be555c sp=0x000000982c0fae30
Event: 1.616 Thread 0x000002590fbf8800 DEOPT UNPACKING pc=0x000002590004912f sp=0x000000982c0fadc0 mode 2
Event: 1.617 Thread 0x000002590fbf8800 DEOPT PACKING pc=0x00000259007b97be sp=0x000000982c0f98d0
Event: 1.617 Thread 0x000002590fbf8800 DEOPT UNPACKING pc=0x000002590004964e sp=0x000000982c0f8df0 mode 0
Event: 1.617 Thread 0x000002590fbf8800 DEOPT PACKING pc=0x00000259007bed92 sp=0x000000982c0f9700
Event: 1.617 Thread 0x000002590fbf8800 DEOPT UNPACKING pc=0x000002590004964e sp=0x000000982c0f8d50 mode 0

Classes unloaded (0 events):
No events

Classes redefined (0 events):
No events

Internal exceptions (20 events):
Event: 1.103 Thread 0x000002590fbf8800 Exception <a 'java/lang/NoSuchMethodError'{0x00000000eedb3930}: 'int java.lang.invoke.DirectMethodHandle$Holder.invokeSpecialIFC(java.lang.Object, java.lang.Object, java.lang.Object, java.lang.Object)'> (0x00000000eedb3930) 
thrown [./open/src/hotspot/share/interpreter/linkResolver.cpp, line 766]
Event: 1.127 Thread 0x000002590fbf8800 Exception <a 'java/lang/NoSuchMethodError'{0x00000000eeb821f8}: 'void java.lang.invoke.DirectMethodHandle$Holder.invokeInterface(java.lang.Object, java.lang.Object)'> (0x00000000eeb821f8) 
thrown [./open/src/hotspot/share/interpreter/linkResolver.cpp, line 766]
Event: 1.127 Thread 0x000002590fbf8800 Exception <a 'java/lang/IncompatibleClassChangeError'{0x00000000eeb84e90}: Found class java.lang.Object, but interface was expected> (0x00000000eeb84e90) 
thrown [./open/src/hotspot/share/interpreter/linkResolver.cpp, line 832]
Event: 1.158 Thread 0x000002590fbf8800 Exception <a 'java/lang/NoSuchMethodError'{0x00000000ee8d51c0}: 'java.lang.Object java.lang.invoke.DirectMethodHandle$Holder.invokeStaticInit(java.lang.Object, java.lang.Object, java.lang.Object)'> (0x00000000ee8d51c0) 
thrown [./open/src/hotspot/share/interpreter/linkResolver.cpp, line 766]
Event: 1.159 Thread 0x000002590fbf8800 Exception <a 'java/lang/NoSuchMethodError'{0x00000000ee8db820}: 'void java.lang.invoke.DirectMethodHandle$Holder.invokeStaticInit(java.lang.Object, java.lang.Object, java.lang.Object)'> (0x00000000ee8db820) 
thrown [./open/src/hotspot/share/interpreter/linkResolver.cpp, line 766]
Event: 1.282 Thread 0x000002590fbf8800 Exception <a 'java/lang/NoSuchMethodError'{0x00000000edbae328}: 'java.lang.Object java.lang.invoke.DirectMethodHandle$Holder.invokeSpecialIFC(java.lang.Object, java.lang.Object, java.lang.Object, java.lang.Object)'> (0x00000000edbae328) 
thrown [./open/src/hotspot/share/interpreter/linkResolver.cpp, line 766]
Event: 1.302 Thread 0x000002590fbf8800 Exception <a 'java/lang/NoSuchMethodError'{0x00000000ed9011a0}: 'void java.lang.invoke.DirectMethodHandle$Holder.invokeSpecial(java.lang.Object, java.lang.Object, java.lang.Object, java.lang.Object)'> (0x00000000ed9011a0) 
thrown [./open/src/hotspot/share/interpreter/linkResolver.cpp, line 766]
Event: 1.353 Thread 0x000002590fbf8800 Exception <a 'java/lang/NoSuchMethodError'{0x00000000ed6cff88}: 'int java.lang.invoke.DirectMethodHandle$Holder.invokeStaticInit(java.lang.Object, java.lang.Object)'> (0x00000000ed6cff88) 
thrown [./open/src/hotspot/share/interpreter/linkResolver.cpp, line 766]
Event: 1.394 Thread 0x000002590fbf8800 Exception <a 'java/lang/NoSuchMethodError'{0x00000000ed36aad8}: 'java.lang.Object java.lang.invoke.Invokers$Holder.linkToTargetMethod(java.lang.Object, java.lang.Object, java.lang.Object, java.lang.Object, java.lang.Object, java.lang.Object)'> (0x00000000ed36aad8) 
thrown [./open/src/hotspot/share/interpreter/linkResolver.cpp, line 766]
Event: 1.402 Thread 0x000002590fbf8800 Exception <a 'java/lang/NoSuchMethodError'{0x00000000ed270d58}: 'void java.lang.invoke.DirectMethodHandle$Holder.invokeInterface(java.lang.Object, java.lang.Object, java.lang.Object, java.lang.Object, java.lang.Object)'> (0x00000000ed270d58) 
thrown [./open/src/hotspot/share/interpreter/linkResolver.cpp, line 766]
Event: 1.402 Thread 0x000002590fbf8800 Exception <a 'java/lang/IncompatibleClassChangeError'{0x00000000ed2741e0}: Found class java.lang.Object, but interface was expected> (0x00000000ed2741e0) 
thrown [./open/src/hotspot/share/interpreter/linkResolver.cpp, line 832]
Event: 1.484 Thread 0x000002590fbf8800 Exception <a 'java/lang/IncompatibleClassChangeError'{0x00000000ecff7cd0}: Found class java.lang.Object, but interface was expected> (0x00000000ecff7cd0) 
thrown [./open/src/hotspot/share/interpreter/linkResolver.cpp, line 832]
Event: 1.489 Thread 0x000002590fbf8800 Exception <a 'java/lang/NoSuchMethodError'{0x00000000ece4a7c8}: 'void java.lang.invoke.DirectMethodHandle$Holder.invokeSpecial(java.lang.Object, java.lang.Object, java.lang.Object, java.lang.Object, java.lang.Object)'> (0x00000000ece4a7c8) 
thrown [./open/src/hotspot/share/interpreter/linkResolver.cpp, line 766]
Event: 1.501 Thread 0x000002590fbf8800 Exception <a 'java/lang/NoSuchMethodError'{0x00000000ecd35088}: 'void java.lang.invoke.DirectMethodHandle$Holder.invokeInterface(java.lang.Object, java.lang.Object, java.lang.Object, java.lang.Object)'> (0x00000000ecd35088) 
thrown [./open/src/hotspot/share/interpreter/linkResolver.cpp, line 766]
Event: 1.501 Thread 0x000002590fbf8800 Exception <a 'java/lang/IncompatibleClassChangeError'{0x00000000ecd37d58}: Found class java.lang.Object, but interface was expected> (0x00000000ecd37d58) 
thrown [./open/src/hotspot/share/interpreter/linkResolver.cpp, line 832]
Event: 1.534 Thread 0x000002590fbf8800 Exception <a 'java/lang/NoSuchMethodError'{0x00000000eca21dc8}: 'java.lang.Object java.lang.invoke.Invokers$Holder.invokeExact_MT(java.lang.Object, java.lang.Object, java.lang.Object, java.lang.Object, java.lang.Object, java.lang.Object)'> (0x00000000eca21dc8) 
thrown [./open/src/hotspot/share/interpreter/linkResolver.cpp, line 766]
Event: 1.535 Thread 0x000002590fbf8800 Exception <a 'java/lang/NoSuchMethodError'{0x00000000eca2cd08}: 'int java.lang.invoke.DirectMethodHandle$Holder.invokeStatic(java.lang.Object, java.lang.Object, java.lang.Object, java.lang.Object, java.lang.Object)'> (0x00000000eca2cd08) 
thrown [./open/src/hotspot/share/interpreter/linkResolver.cpp, line 766]
Event: 1.559 Thread 0x000002590fbf8800 Exception <a 'java/lang/NoSuchMethodError'{0x00000000ec9fb520}: 'void java.lang.invoke.DirectMethodHandle$Holder.invokeSpecial(java.lang.Object, java.lang.Object)'> (0x00000000ec9fb520) 
thrown [./open/src/hotspot/share/interpreter/linkResolver.cpp, line 766]
Event: 1.582 Thread 0x000002590fbf8800 Exception <a 'java/lang/NoSuchMethodError'{0x00000000ec6c5c20}: 'int java.lang.invoke.DirectMethodHandle$Holder.invokeStaticInit(java.lang.Object, java.lang.Object, java.lang.Object)'> (0x00000000ec6c5c20) 
thrown [./open/src/hotspot/share/interpreter/linkResolver.cpp, line 766]
Event: 1.667 Thread 0x000002590fbf8800 Exception <a 'java/lang/NoSuchMethodError'{0x00000000ebb4df98}: 'java.lang.Object java.lang.invoke.DirectMethodHandle$Holder.invokeInterface(java.lang.Object, java.lang.Object, java.lang.Object)'> (0x00000000ebb4df98) 
thrown [./open/src/hotspot/share/interpreter/linkResolver.cpp, line 766]

Events (20 events):
Event: 1.574 loading class java/util/Collections$ReverseComparator
Event: 1.574 loading class java/util/Collections$ReverseComparator done
Event: 1.574 loading class java/util/Collections$ReverseComparator2
Event: 1.574 loading class java/util/Collections$ReverseComparator2 done
Event: 1.580 loading class java/util/concurrent/CancellationException
Event: 1.580 loading class java/util/concurrent/CancellationException done
Event: 1.580 loading class java/util/concurrent/ExecutionException
Event: 1.580 loading class java/util/concurrent/ExecutionException done
Event: 1.583 Executing VM operation: ICBufferFull
Event: 1.583 Executing VM operation: ICBufferFull done
Event: 1.585 loading class java/util/stream/Nodes$FixedNodeBuilder
Event: 1.585 loading class java/util/stream/Nodes$ArrayNode
Event: 1.586 loading class java/util/stream/Nodes$ArrayNode done
Event: 1.586 loading class java/util/stream/Nodes$FixedNodeBuilder done
Event: 1.663 loading class java/util/function/BooleanSupplier
Event: 1.663 loading class java/util/function/BooleanSupplier done
Event: 1.689 Executing VM operation: HandshakeOneThread
Event: 1.689 Executing VM operation: HandshakeOneThread done
Event: 1.692 Executing VM operation: HandshakeOneThread
Event: 1.693 Executing VM operation: HandshakeOneThread done


Dynamic libraries:
0x00007ff756cc0000 - 0x00007ff756ccf000 	C:\Program Files\Java\jdk-14.0.1\bin\java.exe
0x00007ffb761d0000 - 0x00007ffb763c5000 	C:\WINDOWS\SYSTEM32\ntdll.dll
0x00007ffb75c50000 - 0x00007ffb75d0d000 	C:\WINDOWS\System32\KERNEL32.DLL
0x00007ffb73d50000 - 0x00007ffb74019000 	C:\WINDOWS\System32\KERNELBASE.dll
0x00007ffb73c50000 - 0x00007ffb73d50000 	C:\WINDOWS\System32\ucrtbase.dll
0x00007ffb66820000 - 0x00007ffb66838000 	C:\Program Files\Java\jdk-14.0.1\bin\jli.dll
0x00007ffb66100000 - 0x00007ffb66115000 	C:\Program Files\Java\jdk-14.0.1\bin\VCRUNTIME140.dll
0x00007ffb75240000 - 0x00007ffb752ec000 	C:\WINDOWS\System32\ADVAPI32.dll
0x00007ffb74e00000 - 0x00007ffb74e9e000 	C:\WINDOWS\System32\msvcrt.dll
0x00007ffb74240000 - 0x00007ffb742db000 	C:\WINDOWS\System32\sechost.dll
0x00007ffb74f70000 - 0x00007ffb7509a000 	C:\WINDOWS\System32\RPCRT4.dll
0x00007ffb74b30000 - 0x00007ffb74cd0000 	C:\WINDOWS\System32\USER32.dll
0x00007ffb5bd20000 - 0x00007ffb5bfba000 	C:\WINDOWS\WinSxS\amd64_microsoft.windows.common-controls_6595b64144ccf1df_6.0.19041.1083_none_60bbe31371f34e71\COMCTL32.dll
0x00007ffb73970000 - 0x00007ffb73992000 	C:\WINDOWS\System32\win32u.dll
0x00007ffb76160000 - 0x00007ffb7618a000 	C:\WINDOWS\System32\GDI32.dll
0x00007ffb74020000 - 0x00007ffb7412b000 	C:\WINDOWS\System32\gdi32full.dll
0x00007ffb739a0000 - 0x00007ffb73a3d000 	C:\WINDOWS\System32\msvcp_win.dll
0x00007ffb69e40000 - 0x00007ffb69e4a000 	C:\WINDOWS\SYSTEM32\VERSION.dll
0x00007ffb75d10000 - 0x00007ffb75d40000 	C:\WINDOWS\System32\IMM32.DLL
0x00007ffb4a800000 - 0x00007ffb4a89b000 	C:\Program Files\Java\jdk-14.0.1\bin\msvcp140.dll
0x00007ffb0eca0000 - 0x00007ffb0f7be000 	C:\Program Files\Java\jdk-14.0.1\bin\server\jvm.dll
0x00007ffb75230000 - 0x00007ffb75238000 	C:\WINDOWS\System32\PSAPI.DLL
0x00007ffb5cc10000 - 0x00007ffb5cc19000 	C:\WINDOWS\SYSTEM32\WSOCK32.dll
0x00007ffb69e10000 - 0x00007ffb69e37000 	C:\WINDOWS\SYSTEM32\WINMM.dll
0x00007ffb75880000 - 0x00007ffb758eb000 	C:\WINDOWS\System32\WS2_32.dll
0x00007ffb71820000 - 0x00007ffb71832000 	C:\WINDOWS\SYSTEM32\kernel.appcore.dll
0x00007ffb660f0000 - 0x00007ffb660fa000 	C:\Program Files\Java\jdk-14.0.1\bin\jimage.dll
0x00007ffb6b510000 - 0x00007ffb6b6f4000 	C:\WINDOWS\SYSTEM32\DBGHELP.DLL
0x00007ffb5cc20000 - 0x00007ffb5cc4c000 	C:\WINDOWS\SYSTEM32\dbgcore.DLL
0x00007ffb741b0000 - 0x00007ffb74233000 	C:\WINDOWS\System32\bcryptPrimitives.dll
0x00007ffb61240000 - 0x00007ffb6124e000 	C:\Program Files\Java\jdk-14.0.1\bin\instrument.dll
0x00007ffb63700000 - 0x00007ffb63725000 	C:\Program Files\Java\jdk-14.0.1\bin\java.dll
0x00007ffb660d0000 - 0x00007ffb660e6000 	C:\Program Files\Java\jdk-14.0.1\bin\zip.dll
0x00007ffb74390000 - 0x00007ffb74acf000 	C:\WINDOWS\System32\SHELL32.dll
0x00007ffb71a20000 - 0x00007ffb721b1000 	C:\WINDOWS\SYSTEM32\windows.storage.dll
0x00007ffb758f0000 - 0x00007ffb75c45000 	C:\WINDOWS\System32\combase.dll
0x00007ffb732a0000 - 0x00007ffb732cc000 	C:\WINDOWS\SYSTEM32\Wldp.dll
0x00007ffb74cd0000 - 0x00007ffb74d7e000 	C:\WINDOWS\System32\SHCORE.dll
0x00007ffb76020000 - 0x00007ffb76075000 	C:\WINDOWS\System32\shlwapi.dll
0x00007ffb73850000 - 0x00007ffb7386f000 	C:\WINDOWS\SYSTEM32\profapi.dll
0x00007ffb636e0000 - 0x00007ffb636f9000 	C:\Program Files\Java\jdk-14.0.1\bin\net.dll
0x00007ffb6e940000 - 0x00007ffb6ea4a000 	C:\WINDOWS\SYSTEM32\WINHTTP.dll
0x00007ffb73080000 - 0x00007ffb730ea000 	C:\WINDOWS\system32\mswsock.dll
0x00007ffb636c0000 - 0x00007ffb636d2000 	C:\Program Files\Java\jdk-14.0.1\bin\nio.dll
0x00007ffb61280000 - 0x00007ffb61290000 	C:\Program Files\Java\jdk-14.0.1\bin\verify.dll
0x00007ffb4eb60000 - 0x00007ffb4eb77000 	C:\WINDOWS\system32\napinsp.dll
0x00007ffb4d730000 - 0x00007ffb4d74b000 	C:\WINDOWS\system32\pnrpnsp.dll
0x00007ffb4cfa0000 - 0x00007ffb4cfb5000 	C:\WINDOWS\system32\wshbth.dll
0x00007ffb703f0000 - 0x00007ffb7040d000 	C:\WINDOWS\system32\NLAapi.dll
0x00007ffb72d40000 - 0x00007ffb72d7b000 	C:\WINDOWS\SYSTEM32\IPHLPAPI.DLL
0x00007ffb72d80000 - 0x00007ffb72e4c000 	C:\WINDOWS\SYSTEM32\DNSAPI.dll
0x00007ffb75400000 - 0x00007ffb75408000 	C:\WINDOWS\System32\NSI.dll
0x00007ffb4cf80000 - 0x00007ffb4cf92000 	C:\WINDOWS\System32\winrnr.dll
0x00007ffb6ab90000 - 0x00007ffb6ab9a000 	C:\Windows\System32\rasadhlp.dll
0x00007ffb6a330000 - 0x00007ffb6a3af000 	C:\WINDOWS\System32\fwpuclnt.dll
0x00007ffb74130000 - 0x00007ffb74157000 	C:\WINDOWS\System32\bcrypt.dll
0x00007ffb6d3d0000 - 0x00007ffb6d3e7000 	C:\WINDOWS\SYSTEM32\dhcpcsvc6.DLL
0x00007ffb6d120000 - 0x00007ffb6d13d000 	C:\WINDOWS\SYSTEM32\dhcpcsvc.DLL
0x00007ffb735d0000 - 0x00007ffb735e8000 	C:\WINDOWS\SYSTEM32\CRYPTSP.dll
0x00007ffb729d0000 - 0x00007ffb72a04000 	C:\WINDOWS\system32\rsaenh.dll
0x00007ffb737d0000 - 0x00007ffb737fe000 	C:\WINDOWS\SYSTEM32\USERENV.dll
0x00007ffb73200000 - 0x00007ffb7320c000 	C:\WINDOWS\SYSTEM32\CRYPTBASE.dll

dbghelp: loaded successfully - version: 4.0.5 - missing functions: none
symbol engine: initialized successfully - sym options: 0x614 - pdb path: .;C:\Program Files\Java\jdk-14.0.1\bin;C:\WINDOWS\SYSTEM32;C:\WINDOWS\WinSxS\amd64_microsoft.windows.common-controls_6595b64144ccf1df_6.0.19041.1083_none_60bbe31371f34e71;C:\Program Files\Java\jdk-14.0.1\bin\server

VM Arguments:
jvm_args: -Dorg.gradle.native=false -javaagent:build/tmp/expandedArchives/org.jacoco.agent-0.8.6.jar_a26f6511a7813217be4cd6439d66563b/jacocoagent.jar=destfile=build/jacoco/test.exec,append=true,inclnolocationclasses=false,dumponexit=true,output=file,jmx=false -Xmx512m -Dfile.encoding=windows-1252 -Duser.country=NZ -Duser.language=en -Duser.variant -ea 
java_command: worker.org.gradle.process.internal.worker.GradleWorkerMain 'Gradle Test Executor 1'
java_class_path (initial): C:\\Users\\Jackie\\.gradle\\caches\\6.3\\workerMain\\gradle-worker.jar;C:\\Users\\Jackie\\Documents\\University\\SENG302\\team-900\\backend\\build\\classes\\java\\test;C:\\Users\\Jackie\\Documents\\University\\SENG302\\team-900\\backend\\build\\resources\\test;C:\\Users\\Jackie\\Documents\\University\\SENG302\\team-900\\backend\\build\\classes\\java\\main;C:\\Users\\Jackie\\Documents\\University\\SENG302\\team-900\\backend\\build\\resources\\main;C:\\Users\\Jackie\\.gradle\\caches\\modules-2\\files-2.1\\org.springframework.boot\\spring-boot-starter-data-jpa\\2.4.2\\4c703d6746355d0d894fc22488c8756b8fe25d29\\spring-boot-starter-data-jpa-2.4.2.jar;C:\\Users\\Jackie\\.gradle\\caches\\modules-2\\files-2.1\\org.springframework.boot\\spring-boot-starter-data-rest\\2.4.2\\5dd0d83fdddb3b07c511e33d8ba8e8049842a436\\spring-boot-starter-data-rest-2.4.2.jar;C:\\Users\\Jackie\\.gradle\\caches\\modules-2\\files-2.1\\org.springframework.boot\\spring-boot-starter-web\\2.4.2\\b61aa5408a80c4d0c0e5730b115066aaf90c61\\spring-boot-starter-web-2.4.2.jar;C:\\Users\\Jackie\\.gradle\\caches\\modules-2\\files-2.1\\org.springframework.boot\\spring-boot-starter-security\\2.4.2\\95e705128da824bfb81d43e4ec199826a6b37107\\spring-boot-starter-security-2.4.2.jar;C:\\Users\\Jackie\\.gradle\\caches\\modules-2\\files-2.1\\org.springframework.security\\spring-security-test\\5.4.2\\5fe100658713e845be132cc145833fd12f7935b9\\spring-security-test-5.4.2.jar;C:\\Users\\Jackie\\.gradle\\caches\\modules-2\\files-2.1\\org.mariadb.jdbc\\mariadb-java-client\\2.7.2\\138fb9b8caee700bf4793bc42947113a1dbc8532\\mariadb-java-client-2.7.2.jar;C:\\Users\\Jackie\\.gradle\\caches\\modules-2\\files-2.1\\com.h2database\\h2\\1.4.200\\f7533fe7cb8e99c87a43d325a77b4b678ad9031a\\h2-1.4.200.jar;C:\\Users\\Jackie\\.gradle\\caches\\modules-2\\files-2.1\\org.springframework.boot\\spring-boot-starter-test\\2.4.2\\ab95d8ade94a2c67605c64e3b3db9779a2cd6388\\spring-boot-starter-test-2.4.2.jar;C:\\Users\\Jackie\
Launcher Type: SUN_STANDARD

[Global flags]
     intx CICompilerCount                          = 4                                         {product} {ergonomic}
     uint ConcGCThreads                            = 3                                         {product} {ergonomic}
     uint G1ConcRefinementThreads                  = 10                                        {product} {ergonomic}
   size_t G1HeapRegionSize                         = 1048576                                   {product} {ergonomic}
    uintx GCDrainStackTargetSize                   = 64                                        {product} {ergonomic}
   size_t InitialHeapSize                          = 268435456                                 {product} {ergonomic}
   size_t MarkStackSize                            = 4194304                                   {product} {ergonomic}
   size_t MaxHeapSize                              = 536870912                                 {product} {command line}
   size_t MaxNewSize                               = 321912832                                 {product} {ergonomic}
   size_t MinHeapDeltaBytes                        = 1048576                                   {product} {ergonomic}
   size_t MinHeapSize                              = 8388608                                   {product} {ergonomic}
    uintx NonNMethodCodeHeapSize                   = 5839372                                {pd product} {ergonomic}
    uintx NonProfiledCodeHeapSize                  = 122909434                              {pd product} {ergonomic}
    uintx ProfiledCodeHeapSize                     = 122909434                              {pd product} {ergonomic}
    uintx ReservedCodeCacheSize                    = 251658240                              {pd product} {ergonomic}
     bool SegmentedCodeCache                       = true                                      {product} {ergonomic}
   size_t SoftMaxHeapSize                          = 536870912                              {manageable} {ergonomic}
     bool UseCompressedClassPointers               = true                                 {lp64_product} {ergonomic}
     bool UseCompressedOops                        = true                                 {lp64_product} {ergonomic}
     bool UseG1GC                                  = true                                      {product} {ergonomic}
     bool UseLargePagesIndividualAllocation        = false                                  {pd product} {ergonomic}

Logging:
Log output configuration:
 #0: stdout all=warning uptime,level,tags
 #1: stderr all=off uptime,level,tags

Environment Variables:
CLASSPATH=C:\Users\Jackie\Documents\University\SENG302\team-900\backend\\gradle\wrapper\gradle-wrapper.jar
PATH=C:\Users\Jackie\Documents\University\SENG302\team-900\node_modules\.bin;C:\Program Files\Common Files\Oracle\Java\javapath;C:\Program Files (x86)\NVIDIA Corporation\PhysX\Common;C:\Python39\Scripts\;C:\Python39\;F:\Software\Oracle18c\dbhomeXE\bin;E:\Software\OracleDB18\dbhomeXE\bin;C:\Program Files (x86)\Common Files\Oracle\Java\javapath;C:\ProgramData\Oracle\Java\javapath;C:\WINDOWS\system32;C:\WINDOWS;C:\WINDOWS\System32\Wbem;C:\WINDOWS\System32\WindowsPowerShell\v1.0\;C:\Program Files (x86)\GtkSharp\2.12\bin;C:\Program Files\dotnet\;C:\Program Files\Microsoft SQL Server\130\Tools\Binn\;C:\Program Files\Intel\WiFi\bin\;C:\Program Files\Common Files\Intel\WirelessCommon\;C:\WINDOWS\System32\OpenSSH\;C:\Program Files\Git\cmd;C:\Program Files\nodejs\;C:\ProgramData\chocolatey\bin;C:\Users\Jackie\AppData\Roaming\TinyTeX\bin\win32;C:\Users\Jackie\AppData\Local\Programs\Python\Python36-32\Scripts\;C:\Users\Jackie\AppData\Local\Programs\Python\Python36-32\;C:\Users\Jackie\AppData\Local\Microsoft\WindowsApps;C:\Users\Jackie\AppData\Local\GitHubDesktop\bin;C:\Program Files\Intel\WiFi\bin\;C:\Program Files\Common Files\Intel\WirelessCommon\;C:\Users\Jackie\AppData\Local\Microsoft\WindowsApps;C:\Users\Jackie\AppData\Local\Programs\Microsoft VS Code\bin;C:\Users\Jackie\AppData\Local\Android\Sdk\platform-tools;C:\Program Files\R\R-4.0.2\bin\x64;C:\Users\Jackie\AppData\Local\Programs\MiKTeX\miktex\bin\x64\;C:\Users\Jackie\AppData\Roaming\npm
USERNAME=Jackie
OS=Windows_NT
PROCESSOR_IDENTIFIER=AMD64 Family 23 Model 1 Stepping 1, AuthenticAMD



---------------  S Y S T E M  ---------------

OS: Windows 10 , 64 bit Build 19041 (10.0.19041.1023)
OS uptime: 2 days 7:05 hours
HyperV virtualization detected

CPU:total 12 (initial active 12) (12 cores per cpu, 2 threads per core) family 23 model 1 stepping 1, cmov, cx8, fxsr, mmx, sse, sse2, sse3, ssse3, sse4.1, sse4.2, popcnt, avx, avx2, aes, clmul, mmxext, 3dnowpref, lzcnt, sse4a, ht, tsc, tscinvbit, tscinv, bmi1, bmi2, adx, sha, fma

Memory: 4k page, system-wide physical 16316M (7485M free)
TotalPageFile size 23484M (AvailPageFile size 9515M)
current process WorkingSet (physical memory assigned to process): 185M, peak: 192M
current process commit charge ("private bytes"): 417M, peak: 425M

vm_info: Java HotSpot(TM) 64-Bit Server VM (14.0.1+7) for windows-amd64 JRE (14.0.1+7), built on Mar  5 2020 10:30:14 by "mach5one" with MS VC++ 15.9 (VS2017)

END.
